Log file open, 10/19/18 17:16:54
LogWindows: Failed to load 'aqProf.dll' (GetLastError=126)
LogWindows: File 'aqProf.dll' does not exist
LogWindows: Failed to load 'VSPerf140.dll' (GetLastError=126)
LogWindows: File 'VSPerf140.dll' does not exist
LogWindows: Failed to load 'VtuneApi.dll' (GetLastError=126)
LogWindows: File 'VtuneApi.dll' does not exist
LogWindows: Failed to load 'VtuneApi32e.dll' (GetLastError=126)
LogWindows: File 'VtuneApi32e.dll' does not exist
LogInit: Display: Running engine for game: QuincyTheQuadrapus
LogPlatformFile: Not using cached read wrapper
LogTaskGraph: Started task graph with 5 named threads and 23 total threads with 3 sets of task threads.
LogStats: Stats thread started at 0.321149
LogD3D11RHI: Loaded GFSDK_Aftermath_Lib.x64.dll
LogICUInternationalization: Display: ICU TimeZone Detection - Raw Offset: -5:00, Platform Override: ''
LogPluginManager: Mounting plugin Paper2D
LogPluginManager: Mounting plugin AISupport
LogPluginManager: Mounting plugin LightPropagationVolume
LogPluginManager: Mounting plugin CLionSourceCodeAccess
LogPluginManager: Mounting plugin CodeLiteSourceCodeAccess
LogPluginManager: Mounting plugin GitSourceControl
LogPluginManager: Mounting plugin KDevelopSourceCodeAccess
LogPluginManager: Mounting plugin NullSourceCodeAccess
LogPluginManager: Mounting plugin PerforceSourceControl
LogPluginManager: Mounting plugin SubversionSourceControl
LogPluginManager: Mounting plugin UObjectPlugin
LogPluginManager: Mounting plugin VisualStudioCodeSourceCodeAccess
LogPluginManager: Mounting plugin VisualStudioSourceCodeAccess
LogPluginManager: Mounting plugin XCodeSourceCodeAccess
LogPluginManager: Mounting plugin AssetManagerEditor
LogPluginManager: Mounting plugin CryptoKeys
LogPluginManager: Mounting plugin DataValidation
LogPluginManager: Mounting plugin FacialAnimation
LogPluginManager: Mounting plugin GameplayTagsEditor
LogPluginManager: Mounting plugin MacGraphicsSwitching
LogPluginManager: Mounting plugin MeshEditor
LogPluginManager: Mounting plugin MobileLauncherProfileWizard
LogPluginManager: Mounting plugin PluginBrowser
LogPluginManager: Mounting plugin SpeedTreeImporter
LogPluginManager: Mounting plugin DatasmithContent
LogPluginManager: Mounting plugin AlembicImporter
LogPluginManager: Mounting plugin AppleImageUtils
LogPluginManager: Mounting plugin AppleVision
LogPluginManager: Mounting plugin BackChannel
LogPluginManager: Mounting plugin CharacterAI
LogPluginManager: Mounting plugin GeometryCache
LogPluginManager: Mounting plugin HTML5Networking
LogPluginManager: Mounting plugin ProxyLODPlugin
LogPluginManager: Mounting plugin MagicLeap
LogPluginManager: Mounting plugin MagicLeapEmulator
LogPluginManager: Mounting plugin MagicLeapMedia
LogPluginManager: Mounting plugin AndroidMedia
LogPluginManager: Mounting plugin AvfMedia
LogPluginManager: Mounting plugin ImgMedia
LogPluginManager: Mounting plugin LinearTimecode
LogPluginManager: Mounting plugin MediaCompositing
LogPluginManager: Mounting plugin MediaPlayerEditor
LogPluginManager: Mounting plugin WmfMedia
LogPluginManager: Mounting plugin TcpMessaging
LogPluginManager: Mounting plugin UdpMessaging
LogPluginManager: Mounting plugin ActorSequence
LogPluginManager: Mounting plugin LevelSequenceEditor
LogPluginManager: Mounting plugin MatineeToLevelSequence
LogPluginManager: Mounting plugin NetcodeUnitTest
LogPluginManager: Mounting plugin NUTUnrealEngine4
LogPluginManager: Mounting plugin OnlineSubsystemGooglePlay
LogPluginManager: Mounting plugin OnlineSubsystemIOS
LogPluginManager: Mounting plugin OnlineSubsystem
LogPluginManager: Mounting plugin OnlineSubsystemNull
LogPluginManager: Mounting plugin OnlineSubsystemUtils
LogPluginManager: Mounting plugin LauncherChunkInstaller
LogPluginManager: Mounting plugin AndroidDeviceProfileSelector
LogPluginManager: Mounting plugin AndroidMoviePlayer
LogPluginManager: Mounting plugin AndroidPermission
LogPluginManager: Mounting plugin AppleMoviePlayer
LogPluginManager: Mounting plugin ArchVisCharacter
LogPluginManager: Mounting plugin AudioCapture
LogPluginManager: Mounting plugin CableComponent
LogPluginManager: Mounting plugin CustomMeshComponent
LogPluginManager: Mounting plugin EditableMesh
LogPluginManager: Mounting plugin ExampleDeviceProfileSelector
LogPluginManager: Mounting plugin GoogleCloudMessaging
LogPluginManager: Mounting plugin ImmediatePhysics
LogPluginManager: Mounting plugin IOSDeviceProfileSelector
LogPluginManager: Mounting plugin LinuxDeviceProfileSelector
LogPluginManager: Mounting plugin LocationServicesBPLibrary
LogPluginManager: Mounting plugin MobilePatchingUtils
LogPluginManager: Mounting plugin OculusVR
LogPluginManager: Plugin shader directory ../../../Engine/Plugins/Runtime/Oculus/OculusVR/Shaders found
LogPluginManager: Mapping shader source directory ../../../Engine/Plugins/Runtime/Oculus/OculusVR/Shaders to virtual directory /Plugin/OculusVR
LogPluginManager: Mounting plugin PhysXVehicles
LogPluginManager: Mounting plugin ProceduralMeshComponent
LogPluginManager: Mounting plugin RuntimePhysXCooking
LogPluginManager: Mounting plugin SteamVR
LogPluginManager: Mounting plugin WindowsMoviePlayer
LogStreaming: Display: Took  0.144s to configure plugins.
LogInit: Using libcurl 7.55.1-DEV
LogInit:  - built for x86_64-pc-win32
LogInit:  - supports SSL with OpenSSL/1.0.2h
LogInit:  - supports HTTP deflate (compression) using libz 1.2.8
LogInit:  - other features:
LogInit:      CURL_VERSION_SSL
LogInit:      CURL_VERSION_LIBZ
LogInit:      CURL_VERSION_IPV6
LogInit:      CURL_VERSION_ASYNCHDNS
LogInit:      CURL_VERSION_LARGEFILE
LogInit:      CURL_VERSION_IDN
LogInit:  CurlRequestOptions (configurable via config and command line):
LogInit:  - bVerifyPeer = false  - Libcurl will NOT verify peer certificate
LogInit:  - bUseHttpProxy = false  - Libcurl will NOT use HTTP proxy
LogInit:  - bDontReuseConnections = false  - Libcurl will reuse connections
LogInit:  - CertBundlePath = nullptr  - Libcurl will use whatever was configured at build time.
LogInit:  - MaxHostConnections = 16  - Libcurl will limit the number of connections to a host
LogInit:  - LocalHostAddr = Default
LogInit:  - BufferSize = 65536
LogInit: WinSock: version 1.1 (2.2), MaxSocks=32767, MaxUdp=65467
LogInit: Build: ++UE4+Release-4.20-CL-4369336
LogInit: Engine Version: 4.20.3-4369336+++UE4+Release-4.20
LogInit: Compatible Engine Version: 4.20.0-4212847+++UE4+Release-4.20
LogInit: Net CL: 4212847
LogInit: OS: Windows 10 (), CPU: AMD FX(tm)-8350 Eight-Core Processor           , GPU: NVIDIA GeForce GTX 970
LogInit: Compiled (64-bit): Sep 17 2018 12:26:19
LogInit: Compiled with Visual C++: 19.13.26129.00
LogInit: Build Configuration: Development
LogInit: Branch Name: ++UE4+Release-4.20
LogInit: Command Line:  
LogInit: Base Directory: C:/Program Files/Epic Games/UE_4.20/Engine/Binaries/Win64/
LogInit: Installed Engine Build: 1
LogDevObjectVersion: Number of dev versions registered: 20
LogDevObjectVersion:   Dev-Blueprints (B0D832E4-1F89-4F0D-ACCF-7EB736FD4AA2): 10
LogDevObjectVersion:   Dev-Build (E1C64328-A22C-4D53-A36C-8E866417BD8C): 0
LogDevObjectVersion:   Dev-Core (375EC13C-06E4-48FB-B500-84F0262A717E): 2
LogDevObjectVersion:   Dev-Editor (E4B068ED-F494-42E9-A231-DA0B2E46BB41): 24
LogDevObjectVersion:   Dev-Framework (CFFC743F-43B0-4480-9391-14DF171D2073): 34
LogDevObjectVersion:   Dev-Mobile (B02B49B5-BB20-44E9-A304-32B752E40360): 2
LogDevObjectVersion:   Dev-Networking (A4E4105C-59A1-49B5-A7C5-40C4547EDFEE): 0
LogDevObjectVersion:   Dev-Online (39C831C9-5AE6-47DC-9A44-9C173E1C8E7C): 0
LogDevObjectVersion:   Dev-Physics (78F01B33-EBEA-4F98-B9B4-84EACCB95AA2): 0
LogDevObjectVersion:   Dev-Platform (6631380F-2D4D-43E0-8009-CF276956A95A): 0
LogDevObjectVersion:   Dev-Rendering (12F88B9F-8875-4AFC-A67C-D90C383ABD29): 26
LogDevObjectVersion:   Dev-Sequencer (7B5AE74C-D270-4C10-A958-57980B212A5A): 9
LogDevObjectVersion:   Dev-VR (D7296918-1DD6-4BDD-9DE2-64A83CC13884): 2
LogDevObjectVersion:   Dev-LoadTimes (C2A15278-BFE7-4AFE-6C17-90FF531DF755): 1
LogDevObjectVersion:   Private-Geometry (6EACA3D4-40EC-4CC1-B786-8BED09428FC5): 3
LogDevObjectVersion:   Dev-AnimPhys (29E575DD-E0A3-4627-9D10-D276232CDCEA): 17
LogDevObjectVersion:   Dev-ReflectionCapture (6B266CEC-1EC7-4B8F-A30B-E4D90942FC07): 1
LogDevObjectVersion:   Dev-Automation (0DF73D61-A23F-47EA-B727-89E90C41499A): 1
LogDevObjectVersion:   FortniteMain (601D1886-AC64-4F84-AA16-D3DE0DEAC7D6): 12
LogDevObjectVersion:   Dev-Enterprise (9DFFBCD6-494F-0158-E221-12823C92A888): 1
LogStreaming: Display: Took  0.001s to delete old logs.
LogInit: Presizing for max 8388607 objects, including 0 objects not considered by GC, pre-allocating 0 bytes for permanent pool.
LogInit: Object subsystem initialized
[2018.10.19-21.16.54:783][  0]LogInit: Selected Device Profile: [Windows]
[2018.10.19-21.16.54:783][  0]LogInit: Applying CVar settings loaded from the selected device profile: [Windows]
[2018.10.19-21.16.54:804][  0]LogHAL: Display: Platform has ~ 16 GB [17124220928 / 17179869184 / 16], which maps to Larger [LargestMinGB=32, LargerMinGB=12, DefaultMinGB=8, SmallerMinGB=6, SmallestMinGB=0)
[2018.10.19-21.16.54:804][  0]LogInit: Setting Device Profile CVar: [[r.Vulkan.UseRealUBs:1]]
[2018.10.19-21.16.54:805][  0]LogInit: Going up to parent DeviceProfile []
[2018.10.19-21.16.54:805][  0]LogInit: Computer: DESKTOP-3BRA7NQ
[2018.10.19-21.16.54:805][  0]LogInit: User: mjdea
[2018.10.19-21.16.54:805][  0]LogInit: CPU Page size=4096, Cores=4
[2018.10.19-21.16.54:805][  0]LogInit: High frequency timer resolution =3.906267 MHz
[2018.10.19-21.16.54:806][  0]LogMemory: Memory total: Physical=15.9GB (16GB approx)
[2018.10.19-21.16.54:806][  0]LogMemory: Platform Memory Stats for Windows
[2018.10.19-21.16.54:806][  0]LogMemory: Process Physical Memory: 99.90 MB used, 99.90 MB peak
[2018.10.19-21.16.54:806][  0]LogMemory: Process Virtual Memory: 90.95 MB used, 90.95 MB peak
[2018.10.19-21.16.54:806][  0]LogMemory: Physical Memory: 6943.00 MB used,  9387.93 MB free, 16330.93 MB total
[2018.10.19-21.16.54:806][  0]LogMemory: Virtual Memory: 4644.89 MB used,  9387.93 MB free, 134217728.00 MB total
[2018.10.19-21.16.54:833][  0]LogInit: Using OS detected language (en-US).
[2018.10.19-21.16.54:833][  0]LogInit: Using OS detected locale (en-US).
[2018.10.19-21.16.54:834][  0]LogTextLocalizationManager: No specific localization for 'en-US' exists, so the 'en' localization will be used.
[2018.10.19-21.16.55:309][  0]LogStreaming: Display: Took  0.476s to InitEngineTextLocalization.
[2018.10.19-21.16.55:309][  0]LogInit: Setting process to per monitor DPI aware
[2018.10.19-21.16.55:390][  0]LogSlate: New Slate User Created.  User Index 0, Is Virtual User: 0
[2018.10.19-21.16.55:390][  0]LogSlate: Slate User Registered.  User Index 0, Is Virtual User: 0
[2018.10.19-21.16.55:665][  0]LogHMD: Failed to initialize OpenVR with code 110
[2018.10.19-21.16.55:665][  0]LogD3D11RHI: D3D11 adapters:
[2018.10.19-21.16.55:773][  0]LogD3D11RHI:    0. 'NVIDIA GeForce GTX 970' (Feature Level 11_0)
[2018.10.19-21.16.55:773][  0]LogD3D11RHI:       4043/0/8165 MB DedicatedVideo/DedicatedSystem/SharedSystem, Outputs:3, VendorId:0x10de
[2018.10.19-21.16.55:775][  0]LogD3D11RHI:    1. 'Microsoft Basic Render Driver' (Feature Level 11_0)
[2018.10.19-21.16.55:775][  0]LogD3D11RHI:       0/0/8165 MB DedicatedVideo/DedicatedSystem/SharedSystem, Outputs:0, VendorId:0x1414
[2018.10.19-21.16.55:775][  0]LogD3D11RHI: Chosen D3D11 Adapter: 0
[2018.10.19-21.16.55:789][  0]LogD3D11RHI: Creating new Direct3DDevice
[2018.10.19-21.16.55:789][  0]LogD3D11RHI:     GPU DeviceId: 0x13c2 (for the marketing name, search the web for "GPU Device Id")
[2018.10.19-21.16.55:789][  0]LogWindows: EnumDisplayDevices:
[2018.10.19-21.16.55:790][  0]LogWindows:    0. 'NVIDIA GeForce GTX 970' (P:0 D:1)
[2018.10.19-21.16.55:790][  0]LogWindows:    1. 'NVIDIA GeForce GTX 970' (P:1 D:1)
[2018.10.19-21.16.55:790][  0]LogWindows:    2. 'NVIDIA GeForce GTX 970' (P:0 D:1)
[2018.10.19-21.16.55:790][  0]LogWindows:    3. 'NVIDIA GeForce GTX 970' (P:0 D:0)
[2018.10.19-21.16.55:791][  0]LogWindows: DebugString: FoundDriverCount:4 
[2018.10.19-21.16.55:791][  0]LogD3D11RHI:     Adapter Name: NVIDIA GeForce GTX 970
[2018.10.19-21.16.55:791][  0]LogD3D11RHI:   Driver Version: 397.93 (internal:24.21.13.9793, unified:397.93)
[2018.10.19-21.16.55:791][  0]LogD3D11RHI:      Driver Date: 5-22-2018
[2018.10.19-21.16.55:791][  0]LogRHI: Texture pool is 2830 MB (70% of 4043 MB)
[2018.10.19-21.16.55:852][  0]LogD3D11RHI: Async texture creation enabled
[2018.10.19-21.16.55:889][  0]LogD3D11RHI: GPU Timing Frequency: 1000.000000 (Debug: 2 2)
[2018.10.19-21.16.56:037][  0]LogShaderCompilers: Guid format shader working directory is -43 characters bigger than the processId version (../../../../../../Users/mjdea/Documents/Development/quincythequadrapus/QuincyTheQuadrapus/Intermediate/Shaders/WorkingDirectory/3012/).
[2018.10.19-21.16.56:037][  0]LogShaderCompilers: Cleaned the shader compiler working directory 'C:/Users/mjdea/AppData/Local/Temp/UnrealShaderWorkingDir/B895BA7F46D2A2FDB0F5A1B4DF658ED5/'.
[2018.10.19-21.16.56:365][  0]LogTemp: Display: Loaded TP AllDesktopTargetPlatform
[2018.10.19-21.16.56:386][  0]LogTemp: Display: Loaded TP MacClientTargetPlatform
[2018.10.19-21.16.56:407][  0]LogTemp: Display: Loaded TP MacNoEditorTargetPlatform
[2018.10.19-21.16.56:428][  0]LogTemp: Display: Loaded TP MacServerTargetPlatform
[2018.10.19-21.16.56:451][  0]LogTemp: Display: Loaded TP MacTargetPlatform
[2018.10.19-21.16.56:473][  0]LogTemp: Display: Loaded TP WindowsClientTargetPlatform
[2018.10.19-21.16.56:496][  0]LogTemp: Display: Loaded TP WindowsNoEditorTargetPlatform
[2018.10.19-21.16.56:517][  0]LogTemp: Display: Loaded TP WindowsServerTargetPlatform
[2018.10.19-21.16.56:527][  0]LogTemp: Display: Loaded TP WindowsTargetPlatform
[2018.10.19-21.16.56:652][  0]LogTemp: Display: Loaded TP AndroidTargetPlatform
[2018.10.19-21.16.56:652][  0]LogTemp: Display: Loaded TP AndroidTargetPlatform
[2018.10.19-21.16.56:652][  0]LogTemp: Display: Loaded TP AndroidTargetPlatform
[2018.10.19-21.16.56:652][  0]LogTemp: Display: Loaded TP AndroidTargetPlatform
[2018.10.19-21.16.56:652][  0]LogTemp: Display: Loaded TP AndroidTargetPlatform
[2018.10.19-21.16.56:652][  0]LogTemp: Display: Loaded TP AndroidTargetPlatform
[2018.10.19-21.16.56:652][  0]LogTemp: Display: Loaded TP AndroidTargetPlatform
[2018.10.19-21.16.56:652][  0]LogTemp: Display: Loaded TP AndroidTargetPlatform
[2018.10.19-21.16.56:652][  0]LogTemp: Display: Loaded TP AndroidTargetPlatform
[2018.10.19-21.16.56:652][  0]LogTemp: Display: Loaded TP AndroidTargetPlatform
[2018.10.19-21.16.56:652][  0]LogTemp: Display: Loaded TP AndroidTargetPlatform
[2018.10.19-21.16.56:652][  0]LogTemp: Display: Loaded TP AndroidTargetPlatform
[2018.10.19-21.16.56:652][  0]LogTemp: Display: Loaded TP AndroidTargetPlatform
[2018.10.19-21.16.56:652][  0]LogTemp: Display: Loaded TP AndroidTargetPlatform
[2018.10.19-21.16.56:652][  0]LogTemp: Display: Loaded TP AndroidTargetPlatform
[2018.10.19-21.16.56:652][  0]LogTemp: Display: Loaded TP AndroidTargetPlatform
[2018.10.19-21.16.56:652][  0]LogTemp: Display: Loaded TP AndroidTargetPlatform
[2018.10.19-21.16.56:652][  0]LogTemp: Display: Loaded TP AndroidTargetPlatform
[2018.10.19-21.16.56:654][  0]LogTemp: Display: Loaded TP HTML5TargetPlatform
[2018.10.19-21.16.56:733][  0]LogTemp: Display: Loaded TP IOSTargetPlatform
[2018.10.19-21.16.56:733][  0]LogTemp: Display: Loaded TP IOSTargetPlatform
[2018.10.19-21.16.56:773][  0]LogTemp: Display: Loaded TP TVOSTargetPlatform
[2018.10.19-21.16.56:773][  0]LogTemp: Display: Loaded TP TVOSTargetPlatform
[2018.10.19-21.16.56:793][  0]LogTemp: Display: Loaded TP LinuxClientTargetPlatform
[2018.10.19-21.16.56:812][  0]LogTemp: Display: Loaded TP LinuxNoEditorTargetPlatform
[2018.10.19-21.16.56:831][  0]LogTemp: Display: Loaded TP LinuxServerTargetPlatform
[2018.10.19-21.16.56:852][  0]LogTemp: Display: Loaded TP LinuxTargetPlatform
[2018.10.19-21.16.56:866][  0]LogTemp: Display: Loaded TP LuminTargetPlatform
[2018.10.19-21.16.56:867][  0]LogTargetPlatformManager: Display: Building Assets For Windows
[2018.10.19-21.16.56:953][  0]LogXGEController: Cleaning working directory: C:/Users/mjdea/AppData/Local/Temp/UnrealXGEWorkingDir/
[2018.10.19-21.16.56:953][  0]LogXGEController: Cannot use XGE Controller as Incredibuild is not installed on this machine.
[2018.10.19-21.16.56:953][  0]LogShaderCompilers: Cannot use XGE Shader Compiler as Incredibuild is not installed on this machine.
[2018.10.19-21.16.56:953][  0]LogShaderCompilers: Display: Using Local Shader Compiler.
[2018.10.19-21.16.58:092][  0]LogDerivedDataCache: Display: Max Cache Size: 512 MB
[2018.10.19-21.16.58:183][  0]LogDerivedDataCache: Loaded boot cache 0.09s 71MB C:/Users/mjdea/AppData/Local/UnrealEngine/4.20/DerivedDataCache/Boot.ddc.
[2018.10.19-21.16.58:184][  0]LogDerivedDataCache: Display: Loaded Boot cache: C:/Users/mjdea/AppData/Local/UnrealEngine/4.20/DerivedDataCache/Boot.ddc
[2018.10.19-21.16.58:184][  0]LogDerivedDataCache: FDerivedDataBackendGraph:  Pak pak cache file ../../../../../../Users/mjdea/Documents/Development/quincythequadrapus/QuincyTheQuadrapus/DerivedDataCache/DDC.ddp not found, will not use a pak cache.
[2018.10.19-21.16.58:184][  0]LogDerivedDataCache: Unable to find inner node Pak for hierarchical cache Hierarchy.
[2018.10.19-21.16.58:184][  0]LogDerivedDataCache: FDerivedDataBackendGraph:  CompressedPak pak cache file ../../../../../../Users/mjdea/Documents/Development/quincythequadrapus/QuincyTheQuadrapus/DerivedDataCache/Compressed.ddp not found, will not use a pak cache.
[2018.10.19-21.16.58:184][  0]LogDerivedDataCache: Unable to find inner node CompressedPak for hierarchical cache Hierarchy.
[2018.10.19-21.16.58:205][  0]LogDerivedDataCache: Display: Pak cache opened for reading ../../../Engine/DerivedDataCache/Compressed.ddp.
[2018.10.19-21.16.58:218][  0]LogDerivedDataCache: Using Local data cache path C:/Users/mjdea/AppData/Local/UnrealEngine/Common/DerivedDataCache: Writable
[2018.10.19-21.16.58:218][  0]LogDerivedDataCache: Shared data cache path not found in *engine.ini, will not use an Shared cache.
[2018.10.19-21.16.58:218][  0]LogDerivedDataCache: Unable to find inner node Shared for hierarchical cache Hierarchy.
[2018.10.19-21.16.58:244][  0]LogMaterial: Verifying Global Shaders for PCD3D_SM5
[2018.10.19-21.16.58:246][  0]LogSlate: Using FreeType 2.6.0
[2018.10.19-21.16.58:247][  0]LogSlate: SlateFontServices - WITH_FREETYPE: 1, WITH_HARFBUZZ: 1
[2018.10.19-21.16.58:340][  0]LogAssetRegistry: FAssetRegistry took 0.0291 seconds to start up
[2018.10.19-21.16.58:862][  0]LogInit: Selected Device Profile: [Windows]
[2018.10.19-21.16.59:058][  0]LogSimplygon: Simplygon DLL not present - disabling.
[2018.10.19-21.16.59:063][  0]LogMeshReduction: Using SimplygonSwarm for distributed automatic mesh merging
[2018.10.19-21.16.59:063][  0]LogMeshReduction: Using ProxyLODMeshReduction for automatic mesh merging
[2018.10.19-21.16.59:063][  0]LogMeshReduction: Using QuadricMeshReduction for automatic static mesh reduction
[2018.10.19-21.16.59:063][  0]LogMeshReduction: No automatic skeletal mesh reduction module available
[2018.10.19-21.16.59:112][  0]LogNetVersion: QuincyTheQuadrapus 1.0.0, NetCL: 4212847, EngineNetVer: 5, GameNetVer: 0 (Checksum: 1832940493)
[2018.10.19-21.16.59:769][  0]LogPackageLocalizationCache: Processed 11 localized package path(s) for 2 prioritized culture(s) in 0.138147 seconds
[2018.10.19-21.16.59:778][  0]LogUObjectArray: 38425 objects as part of root set at end of initial load.
[2018.10.19-21.16.59:778][  0]LogUObjectAllocator: 6690864 out of 0 bytes used by permanent object pool.
[2018.10.19-21.16.59:778][  0]LogUObjectArray: CloseDisregardForGC: 0/0 objects in disregard for GC pool
[2018.10.19-21.17.00:849][  0]LogTcpMessaging: Initializing TcpMessaging bridge
[2018.10.19-21.17.00:864][  0]LogUdpMessaging: Initializing bridge on interface 0.0.0.0:0 to multicast group 230.0.0.1:6666.
[2018.10.19-21.17.01:039][  0]SourceControl: Source control is disabled
[2018.10.19-21.17.01:039][  0]SourceControl: Source control is disabled
[2018.10.19-21.17.01:041][  0]SourceControl: Source control is disabled
[2018.10.19-21.17.01:043][  0]SourceControl: Source control is disabled
[2018.10.19-21.17.01:240][  0]LogAndroidPermission: UAndroidPermissionCallbackProxy::GetInstance
[2018.10.19-21.17.01:386][  0]LogOcInput: OculusInput pre-init called
[2018.10.19-21.17.01:461][  0]LogEngine: Initializing Engine...
[2018.10.19-21.17.01:462][  0]LogHMD: Failed to initialize OpenVR with code 110
[2018.10.19-21.17.01:464][  0]LogStats: UGameplayTagsManager::ConstructGameplayTagTree: ImportINI prefixes -  0.000 s
[2018.10.19-21.17.01:464][  0]LogStats: UGameplayTagsManager::ConstructGameplayTagTree: Construct from data asset -  0.000 s
[2018.10.19-21.17.01:464][  0]LogStats: UGameplayTagsManager::ConstructGameplayTagTree: ImportINI -  0.000 s
[2018.10.19-21.17.01:464][  0]LogStats: UGameplayTagsManager::ConstructGameplayTagTree: GameplayTagTreeChangedEvent.Broadcast -  0.000 s
[2018.10.19-21.17.01:715][  0]LogInit: Initializing FReadOnlyCVARCache
[2018.10.19-21.17.01:737][  0]LogAIModule: Creating AISystem for world Untitled
[2018.10.19-21.17.01:795][  0]LogInit: XAudio2 using 'Headset Earphone (5- Corsair VOID Wireless Gaming Dongle)' : 2 channels at 48 kHz using 16 bits per sample (channel mask 0x3)
[2018.10.19-21.17.01:813][  0]LogInit: FAudioDevice initialized.
[2018.10.19-21.17.01:814][  0]LogNetVersion: Set ProjectVersion to 1.0.0.0. Version Checksum will be recalculated on next use.
[2018.10.19-21.17.01:954][  0]LogDerivedDataCache: Saved boot cache 0.14s 71MB C:/Users/mjdea/AppData/Local/UnrealEngine/4.20/DerivedDataCache/Boot.ddc.
[2018.10.19-21.17.01:971][  0]LogInit: Texture streaming: Enabled
[2018.10.19-21.17.01:997][  0]LogEngineSessionManager: EngineSessionManager initialized
[2018.10.19-21.17.02:017][  0]LogInit: Transaction tracking system initialized
[2018.10.19-21.17.02:054][  0]BlueprintLog: New page: Editor Load
[2018.10.19-21.17.02:170][  0]LocalizationService: Localization service is disabled
[2018.10.19-21.17.02:242][  0]LogLinker: Warning: Can't find file '/Game/TopDownBP/TopDownOverview'
[2018.10.19-21.17.02:242][  0]LogLinker: Warning: Can't find file '/Game/TopDownBP/TopDownOverview'
[2018.10.19-21.17.02:242][  0]LogUObjectGlobals: Warning: Failed to find object 'Class /Game/TopDownBP/TopDownOverview.TopDownOverview_C'
[2018.10.19-21.17.02:496][  0]LogCook: Display: Max memory allowance for cook 16384mb min free memory 0mb
[2018.10.19-21.17.02:496][  0]LogCook: Display: Mobile HDR setting 1
[2018.10.19-21.17.02:496][  0]LogGameplayTags: Display: UGameplayTagsManager::DoneAddingNativeTags. DelegateIsBound: 0
[2018.10.19-21.17.02:496][  0]LogStats: UGameplayTagsManager::ConstructGameplayTagTree: ImportINI prefixes -  0.000 s
[2018.10.19-21.17.02:496][  0]LogStats: UGameplayTagsManager::ConstructGameplayTagTree: Construct from data asset -  0.000 s
[2018.10.19-21.17.02:496][  0]LogStats: UGameplayTagsManager::ConstructGameplayTagTree: ImportINI -  0.000 s
[2018.10.19-21.17.02:496][  0]LogStats: UGameplayTagsManager::ConstructGameplayTagTree: GameplayTagTreeChangedEvent.Broadcast -  0.000 s
[2018.10.19-21.17.02:667][  0]LogFileCache: Scanning file cache for directory 'C:/Users/mjdea/Documents/Development/quincythequadrapus/QuincyTheQuadrapus/Content/' took 0.02s
[2018.10.19-21.17.02:679][  0]SourceControl: Source control is disabled
[2018.10.19-21.17.02:680][  0]LightingResults: New page: Lighting Build
[2018.10.19-21.17.02:685][  0]MapCheck: New page: Map Check
[2018.10.19-21.17.02:685][  0]LightingResults: New page: Lighting Build
[2018.10.19-21.17.03:390][  0]LogAIModule: Creating AISystem for world ThirdPersonExampleMap
[2018.10.19-21.17.03:401][  0]LogEditorServer: Finished looking for orphan Actors (0.000 secs)
[2018.10.19-21.17.03:523][  0]Cmd: MAP CHECKDEP NOCLEARLOG
[2018.10.19-21.17.03:627][  0]MapCheck: Map check complete: 0 Error(s), 0 Warning(s), took 103.772ms to complete.
[2018.10.19-21.17.03:627][  0]LogFileHelpers: Loading map 'ThirdPersonExampleMap' took 0.948
[2018.10.19-21.17.03:832][  0]LogSlate: Updating window title bar state: overlay mode, drag disabled, window buttons hidden, title bar hidden
[2018.10.19-21.17.03:845][  0]LogSlate: Updating window title bar state: overlay mode, drag disabled, window buttons hidden, title bar hidden
[2018.10.19-21.17.03:856][  0]LogSlate: Updating window title bar state: overlay mode, drag disabled, window buttons hidden, title bar hidden
[2018.10.19-21.17.03:866][  0]LogSlate: Updating window title bar state: overlay mode, drag disabled, window buttons hidden, title bar hidden
[2018.10.19-21.17.03:876][  0]LogCollectionManager: Loaded 0 collections in 0.003017 seconds
[2018.10.19-21.17.03:947][  0]LogFileCache: Scanning file cache for directory 'C:/Users/mjdea/Documents/Development/quincythequadrapus/QuincyTheQuadrapus/Saved/Collections/' took 0.01s
[2018.10.19-21.17.03:947][  0]LogFileCache: Scanning file cache for directory 'C:/Users/mjdea/Documents/Development/quincythequadrapus/QuincyTheQuadrapus/Content/Developers/mjdea/Collections/' took 0.01s
[2018.10.19-21.17.03:947][  0]LogFileCache: Scanning file cache for directory 'C:/Users/mjdea/Documents/Development/quincythequadrapus/QuincyTheQuadrapus/Content/Collections/' took 0.01s
[2018.10.19-21.17.03:947][  0]LogCollectionManager: Rebuilt the GUID cache for 0 collections in 0.000001 seconds
[2018.10.19-21.17.03:963][  0]LogContentBrowser: Native class hierarchy populated in 0.0164 seconds. Added 2572 classes and 603 folders.
[2018.10.19-21.17.03:974][  0]LogContentBrowser: Native class hierarchy updated for 'WidgetCarousel' in 0.0003 seconds. Added 0 classes and 0 folders.
[2018.10.19-21.17.04:047][  0]LogContentBrowser: Native class hierarchy updated for 'AddContentDialog' in 0.0004 seconds. Added 0 classes and 0 folders.
[2018.10.19-21.17.04:055][  0]LogContentBrowser: Native class hierarchy updated for 'SceneOutliner' in 0.0004 seconds. Added 1 classes and 2 folders.
[2018.10.19-21.17.04:146][  0]LogSlate: Took 0.000423 seconds to synchronously load lazily loaded font '../../../Engine/Content/Slate/Fonts/Roboto-Regular.ttf' (155K)
[2018.10.19-21.17.04:149][  0]LogSlate: Took 0.000340 seconds to synchronously load lazily loaded font '../../../Engine/Content/Slate/Fonts/Roboto-Bold.ttf' (160K)
[2018.10.19-21.17.04:158][  0]LogSlate: Took 0.000368 seconds to synchronously load lazily loaded font '../../../Engine/Content/Editor/Slate/Fonts/FontAwesome.ttf' (139K)
[2018.10.19-21.17.04:269][  0]LogRenderer: Reallocating scene render targets to support 1252x580 Format 10 NumSamples 1 (Frame:1).
[2018.10.19-21.17.04:446][  0]LogContentBrowser: Native class hierarchy updated for 'HierarchicalLODOutliner' in 0.0003 seconds. Added 0 classes and 0 folders.
[2018.10.19-21.17.04:446][  0]LogLoad: (Engine Initialization) Total time: 12.16 seconds
[2018.10.19-21.17.04:446][  0]LogLoad: (Engine Initialization) Total Blueprint compile time: 0.00 seconds
[2018.10.19-21.17.04:457][  0]LogWindowsTextInputMethodSystem: Display: IME system now deactivated.
[2018.10.19-21.17.04:480][  0]LogContentStreaming: Texture pool size now 1000 MB
[2018.10.19-21.17.04:550][  2]LogAssetRegistry: Asset discovery search completed in 6.2323 seconds
[2018.10.19-21.17.04:552][  2]LogCollectionManager: Rebuilt the object cache for 0 collections in 0.000001 seconds (found 0 objects)
[2018.10.19-21.17.04:552][  2]LogCollectionManager: Fixed up redirectors for 0 collections in 0.000079 seconds (updated 0 objects)
[2018.10.19-21.17.08:504][468]LogSlate: Took 0.000226 seconds to synchronously load lazily loaded font '../../../Engine/Content/Slate/Fonts/Roboto-Light.ttf' (167K)
[2018.10.19-21.17.26:444][613]LogSlate: FSceneViewport::OnFocusLost() reason 0
[2018.10.19-21.17.26:654][635]LogSlate: Took 0.000274 seconds to synchronously load lazily loaded font '../../../Engine/Content/Slate/Fonts/Roboto-Light.ttf' (167K)
[2018.10.19-21.17.26:668][635]LogAIModule: Creating AISystem for world Title
[2018.10.19-21.17.26:673][635]LogAssetEditorManager: Opening Asset editor for World /Game/Levels/Title.Title
[2018.10.19-21.17.26:792][635]Cmd: MAP LOAD FILE="../../../../../../Users/mjdea/Documents/Development/quincythequadrapus/QuincyTheQuadrapus/Content/Levels/Title.umap" TEMPLATE=0 SHOWPROGRESS=1 FEATURELEVEL=3
[2018.10.19-21.17.26:792][635]LightingResults: New page: Lighting Build
[2018.10.19-21.17.26:792][635]LoadErrors: New page: Loading map: Title.umap
[2018.10.19-21.17.26:793][635]MapCheck: New page: Map Check
[2018.10.19-21.17.26:793][635]LightingResults: New page: Lighting Build
[2018.10.19-21.17.26:980][635]LogEditorServer: Finished looking for orphan Actors (0.000 secs)
[2018.10.19-21.17.27:132][635]Cmd: MAP CHECKDEP NOCLEARLOG
[2018.10.19-21.17.27:243][635]MapCheck: Map check complete: 0 Error(s), 0 Warning(s), took 110.813ms to complete.
[2018.10.19-21.17.27:243][635]LogFileHelpers: Loading map 'Title' took 0.452
[2018.10.19-21.18.04:181][908]LogAssetEditorManager: Opening Asset editor for WidgetBlueprint /Game/UI/TitleScreenUI.TitleScreenUI
[2018.10.19-21.18.04:956][908]LogContentBrowser: Native class hierarchy updated for 'BlueprintGraph' in 0.0010 seconds. Added 116 classes and 0 folders.
[2018.10.19-21.18.06:258][908]LogSlate: Took 0.005577 seconds to synchronously load lazily loaded font '../../../Engine/Content/Slate/Fonts/Roboto-BoldCondensed.ttf' (158K)
[2018.10.19-21.18.08:446][950]LogSlate: Window 'TitleScreenUI*' being destroyed
[2018.10.19-21.18.18:810][327]Cmd: OBJ SAVEPACKAGE PACKAGE="/Game/UI/TitleScreenUI" FILE="../../../../../../Users/mjdea/Documents/Development/quincythequadrapus/QuincyTheQuadrapus/Content/UI/TitleScreenUI.uasset" SILENT=true
[2018.10.19-21.18.18:828][327]LogSavePackage: Moving '../../../../../../Users/mjdea/Documents/Development/quincythequadrapus/QuincyTheQuadrapus/Saved/TitleScreenUIB64DD2004AA7516BC3D174AAA7949E5F.tmp' to '../../../../../../Users/mjdea/Documents/Development/quincythequadrapus/QuincyTheQuadrapus/Content/UI/TitleScreenUI.uasset'
[2018.10.19-21.18.33:386][261]LogFactory: FactoryCreateFile: Texture with ReimportTextureFactory (0 0 C:\Users\mjdea\Pictures\Quincy\Title.png)
[2018.10.19-21.18.33:439][261]LogTexture: Display: Building textures: Title (AutoDXT, 1920X1080)
[2018.10.19-21.18.50:993][193]Cmd: OBJ SAVEPACKAGE PACKAGE="/Game/UI/TitleScreenUI" FILE="../../../../../../Users/mjdea/Documents/Development/quincythequadrapus/QuincyTheQuadrapus/Content/UI/TitleScreenUI.uasset" SILENT=true
[2018.10.19-21.18.51:019][193]LogSavePackage: Moving '../../../../../../Users/mjdea/Documents/Development/quincythequadrapus/QuincyTheQuadrapus/Saved/TitleScreenUI8B4A10A743CED0ECD2426CA5C1EE0105.tmp' to '../../../../../../Users/mjdea/Documents/Development/quincythequadrapus/QuincyTheQuadrapus/Content/UI/TitleScreenUI.uasset'
[2018.10.19-21.18.52:407][238]Cmd: OBJ SAVEPACKAGE PACKAGE="/Game/UI/TitleScreenUI" FILE="../../../../../../Users/mjdea/Documents/Development/quincythequadrapus/QuincyTheQuadrapus/Content/UI/TitleScreenUI.uasset" SILENT=true
[2018.10.19-21.18.52:425][238]LogSavePackage: Moving '../../../../../../Users/mjdea/Documents/Development/quincythequadrapus/QuincyTheQuadrapus/Saved/TitleScreenUIBB0336714D22FBEDBE60A58F0BAC3AEE.tmp' to '../../../../../../Users/mjdea/Documents/Development/quincythequadrapus/QuincyTheQuadrapus/Content/UI/TitleScreenUI.uasset'
[2018.10.19-21.18.53:124][296]Cmd: OBJ SAVEPACKAGE PACKAGE="/Game/UI/TitleScreenUI" FILE="../../../../../../Users/mjdea/Documents/Development/quincythequadrapus/QuincyTheQuadrapus/Content/UI/TitleScreenUI.uasset" SILENT=true
[2018.10.19-21.18.53:142][296]LogSavePackage: Moving '../../../../../../Users/mjdea/Documents/Development/quincythequadrapus/QuincyTheQuadrapus/Saved/TitleScreenUI792187694175DFE55CE173ADDEF8B0A7.tmp' to '../../../../../../Users/mjdea/Documents/Development/quincythequadrapus/QuincyTheQuadrapus/Content/UI/TitleScreenUI.uasset'
[2018.10.19-21.18.59:292][931]LogLinker: Warning: Can't find file '/Game/Models/Quincy/Quincy_Skeleton'
[2018.10.19-21.18.59:293][931]LogLinker: Warning: Can't find file for asset '/Game/Models/Quincy/Quincy_Skeleton' while loading ../../../../../../Users/mjdea/Documents/Development/quincythequadrapus/QuincyTheQuadrapus/Content/Models/Quincy/Animations/Quincy_Fall.uasset.
[2018.10.19-21.18.59:293][931]LoadErrors: Error: /Game/Models/Quincy/Animations/Quincy_Fall : Can't find file for asset. /Game/Models/Quincy/Quincy_Skeleton
[2018.10.19-21.18.59:293][931]LogLinker: Warning: Can't find file '/Game/Models/Quincy/Quincy_Skeleton'
[2018.10.19-21.18.59:293][931]LogLinker: Warning: Can't find file for asset '/Game/Models/Quincy/Quincy_Skeleton' while loading ../../../../../../Users/mjdea/Documents/Development/quincythequadrapus/QuincyTheQuadrapus/Content/Models/Quincy/Animations/Quincy_Fall.uasset.
[2018.10.19-21.18.59:295][931]LogLinker: Warning: Can't find file '/Game/Models/Quincy/Quincy_Skeleton'
[2018.10.19-21.18.59:296][931]LogLinker: Warning: Can't find file for asset '/Game/Models/Quincy/Quincy_Skeleton' while loading ../../../../../../Users/mjdea/Documents/Development/quincythequadrapus/QuincyTheQuadrapus/Content/Models/Quincy/Animations/Quincy_Idle.uasset.
[2018.10.19-21.18.59:296][931]LoadErrors: Error: /Game/Models/Quincy/Animations/Quincy_Idle : Can't find file for asset. /Game/Models/Quincy/Quincy_Skeleton
[2018.10.19-21.18.59:296][931]LogLinker: Warning: Can't find file '/Game/Models/Quincy/Quincy_Skeleton'
[2018.10.19-21.18.59:296][931]LogLinker: Warning: Can't find file for asset '/Game/Models/Quincy/Quincy_Skeleton' while loading ../../../../../../Users/mjdea/Documents/Development/quincythequadrapus/QuincyTheQuadrapus/Content/Models/Quincy/Animations/Quincy_Idle.uasset.
[2018.10.19-21.18.59:303][931]LogLinker: Warning: Can't find file '/Game/Models/Quincy/Quincy_Skeleton'
[2018.10.19-21.18.59:303][931]LogLinker: Warning: Can't find file for asset '/Game/Models/Quincy/Quincy_Skeleton' while loading ../../../../../../Users/mjdea/Documents/Development/quincythequadrapus/QuincyTheQuadrapus/Content/Models/Quincy/Quincy_AnimBP.uasset.
[2018.10.19-21.18.59:303][931]LoadErrors: Error: /Game/Models/Quincy/Quincy_AnimBP : Can't find file for asset. /Game/Models/Quincy/Quincy_Skeleton
[2018.10.19-21.18.59:304][931]LogLinker: Warning: Can't find file '/Game/Models/Quincy/Quincy_Skeleton'
[2018.10.19-21.18.59:304][931]LogLinker: Warning: Can't find file for asset '/Game/Models/Quincy/Quincy_Skeleton' while loading ../../../../../../Users/mjdea/Documents/Development/quincythequadrapus/QuincyTheQuadrapus/Content/Models/Quincy/Quincy_AnimBP.uasset.
[2018.10.19-21.18.59:305][931]LogLinker: Warning: Can't find file '/Game/Models/Quincy/Quincy_Skeleton'
[2018.10.19-21.18.59:305][931]LoadErrors: Failed to load /Game/Models/Quincy/Quincy_Skeleton.Quincy_Skeleton Referenced by Quincy_AnimBP_C
[2018.10.19-21.18.59:305][931]LogLinker: Warning: Can't find file for asset '/Game/Models/Quincy/Quincy_Skeleton' while loading ../../../../../../Users/mjdea/Documents/Development/quincythequadrapus/QuincyTheQuadrapus/Content/Blueprints/Quincy.uasset.
[2018.10.19-21.18.59:305][931]LoadErrors: Error: /Game/Blueprints/Quincy : Can't find file for asset. /Game/Models/Quincy/Quincy_Skeleton
[2018.10.19-21.18.59:307][931]LogLinker: Warning: Can't find file '/Game/Models/Quincy/Quincy_Skeleton'
[2018.10.19-21.18.59:307][931]LogLinker: Warning: Can't find file for asset '/Game/Models/Quincy/Quincy_Skeleton' while loading ../../../../../../Users/mjdea/Documents/Development/quincythequadrapus/QuincyTheQuadrapus/Content/Blueprints/Quincy.uasset.
[2018.10.19-21.18.59:307][931]LogLinker: Warning: Can't find file '/Game/Models/Quincy/Quincy_Skeleton'
[2018.10.19-21.18.59:307][931]LogLinker: Warning: Can't find file for asset '/Game/Models/Quincy/Quincy_Skeleton' while loading ../../../../../../Users/mjdea/Documents/Development/quincythequadrapus/QuincyTheQuadrapus/Content/Blueprints/Quincy.uasset.
[2018.10.19-21.18.59:308][931]LogLinker: Warning: Can't find file '/Game/Models/Quincy/Quincy_Skeleton'
[2018.10.19-21.18.59:308][931]LoadErrors: Failed to load /Game/Models/Quincy/Quincy_Skeleton.Quincy_Skeleton Referenced by Quincy_AnimBP
[2018.10.19-21.18.59:308][931]LogLinker: Warning: Can't find file for asset '/Game/Models/Quincy/Quincy_Skeleton' while loading ../../../../../../Users/mjdea/Documents/Development/quincythequadrapus/QuincyTheQuadrapus/Content/Blueprints/Quincy.uasset.
[2018.10.19-21.18.59:321][931]LogLinker: Warning: Can't find file '/Game/Models/Quincy/Quincy_Skeleton'
[2018.10.19-21.18.59:321][931]LoadErrors: Failed to load /Game/Models/Quincy/Quincy_Skeleton.Quincy_Skeleton Referenced by Quincy_Idle
[2018.10.19-21.18.59:321][931]LogLinker: Warning: Can't find file for asset '/Game/Models/Quincy/Quincy_Skeleton' while loading ../../../../../../Users/mjdea/Documents/Development/quincythequadrapus/QuincyTheQuadrapus/Content/Blueprints/Quincy.uasset.
[2018.10.19-21.18.59:322][931]LogLinker: Warning: Can't find file '/Game/Models/Quincy/Quincy_Skeleton'
[2018.10.19-21.18.59:322][931]LoadErrors: Failed to load /Game/Models/Quincy/Quincy_Skeleton.Quincy_Skeleton Referenced by Quincy_Fall
[2018.10.19-21.18.59:322][931]LogLinker: Warning: Can't find file for asset '/Game/Models/Quincy/Quincy_Skeleton' while loading ../../../../../../Users/mjdea/Documents/Development/quincythequadrapus/QuincyTheQuadrapus/Content/Blueprints/Quincy.uasset.
[2018.10.19-21.18.59:335][931]LogBlueprint: Error: [Compiler Quincy_AnimBP] Quincy_AnimBP  - The skeleton asset for this animation Blueprint is missing, so it cannot be compiled!
[2018.10.19-21.18.59:337][931]LogBlueprint: Warning: [Compiler Quincy_AnimBP] [0127.05] Compile of Quincy_AnimBP failed. 1 Fatal Issue(s) 0 Warning(s) [in 15 ms] (/Game/Models/Quincy/Quincy_AnimBP.Quincy_AnimBP)
[2018.10.19-21.18.59:350][931]LogLinker: Warning: Can't find file '/Game/Models/Quincy/Quincy'
[2018.10.19-21.18.59:350][931]LogLinker: Warning: Can't find file for asset '/Game/Models/Quincy/Quincy' while loading ../../../../../../Users/mjdea/Documents/Development/quincythequadrapus/QuincyTheQuadrapus/Content/Blueprints/Quincy.uasset.
[2018.10.19-21.18.59:350][931]LoadErrors: Error: /Game/Blueprints/Quincy : Can't find file for asset. /Game/Models/Quincy/Quincy
[2018.10.19-21.18.59:352][931]LogLinker: Warning: Can't find file '/Game/Models/Quincy/Quincy'
[2018.10.19-21.18.59:352][931]LogLinker: Warning: Can't find file for asset '/Game/Models/Quincy/Quincy' while loading ../../../../../../Users/mjdea/Documents/Development/quincythequadrapus/QuincyTheQuadrapus/Content/Blueprints/Quincy.uasset.
[2018.10.19-21.18.59:354][931]LogLinker: Warning: Can't find file '/Game/Models/Quincy/Quincy'
[2018.10.19-21.18.59:354][931]LogLinker: Warning: Can't find file for asset '/Game/Models/Quincy/Quincy' while loading ../../../../../../Users/mjdea/Documents/Development/quincythequadrapus/QuincyTheQuadrapus/Content/ThirdPersonBP/Blueprints/ThirdPersonGameMode.uasset.
[2018.10.19-21.18.59:354][931]LoadErrors: Error: /Game/ThirdPersonBP/Blueprints/ThirdPersonGameMode : Can't find file for asset. /Game/Models/Quincy/Quincy
[2018.10.19-21.18.59:355][931]LogLinker: Warning: Can't find file '/Game/Models/Quincy/Quincy'
[2018.10.19-21.18.59:355][931]LogLinker: Warning: Can't find file for asset '/Game/Models/Quincy/Quincy' while loading ../../../../../../Users/mjdea/Documents/Development/quincythequadrapus/QuincyTheQuadrapus/Content/ThirdPersonBP/Blueprints/ThirdPersonGameMode.uasset.
[2018.10.19-21.18.59:356][931]LogLinker: Warning: Can't find file '/Game/Models/Quincy/Quincy'
[2018.10.19-21.18.59:356][931]LoadErrors: Failed to load /Game/Models/Quincy/Quincy.Quincy Referenced by Default__Quincy_C
[2018.10.19-21.18.59:356][931]LogLinker: Warning: Can't find file for asset '/Game/Models/Quincy/Quincy' while loading ../../../../../../Users/mjdea/Documents/Development/quincythequadrapus/QuincyTheQuadrapus/Content/ThirdPersonBP/Blueprints/ThirdPersonGameMode.uasset.
[2018.10.19-21.18.59:580][931]LogTexture: Display: Building textures: Eye (AutoDXT, 1024X1024)
[2018.10.19-21.18.59:580][931]LogTexture: Display: Building textures: Beige (AutoDXT, 1024X1024)
[2018.10.19-21.18.59:581][931]LogTexture: Display: Building textures: QuadrapusPurple (AutoDXT, 1024X1024)
[2018.10.19-21.18.59:581][931]LogMaterial: Display: Missing cached shader map for material QuadrapusPurple_Mat, compiling. 
[2018.10.19-21.18.59:654][931]LogMaterial: Display: Missing cached shader map for material Eye_Mat, compiling. 
[2018.10.19-21.18.59:673][931]LogShaderCompilers: Display: Shaders left to compile 22
[2018.10.19-21.18.59:673][931]LogShaderCompilers: Display: Shaders left to compile 12
[2018.10.19-21.18.59:673][931]LogShaderCompilers: Display: Shaders left to compile 2
[2018.10.19-21.18.59:673][931]LogMaterial: Display: Missing cached shader map for material Beige_Mat, compiling. 
[2018.10.19-21.18.59:779][931]LogShaderCompilers: Display: Shaders left to compile 44
[2018.10.19-21.19.01:207][ 92]LogShaderCompilers: Display: Shaders left to compile 34
[2018.10.19-21.19.03:781][369]LogShaderCompilers: Display: Shaders left to compile 24
[2018.10.19-21.19.03:937][387]LogShaderCompilers: Display: Shaders left to compile 14
[2018.10.19-21.19.05:647][561]LogShaderCompilers: Display: Shaders left to compile 4
[2018.10.19-21.19.48:656][619]LogEditorViewport: Clicking Background
[2018.10.19-21.19.50:025][779]LogSlate: FSceneViewport::OnFocusLost() reason 2
[2018.10.19-21.19.55:943][466]LogSlate: Prevented a slow task dialog from being summoned while a context menu was open
[2018.10.19-21.19.59:483][683]LogSlate: Window 'Create GameMode Blueprint' being destroyed
[2018.10.19-21.20.00:310][782]LogSlate: FSceneViewport::OnFocusLost() reason 0
[2018.10.19-21.20.36:218][962]LogSlate: Window 'Pick Parent Class' being destroyed
[2018.10.19-21.20.46:163][146]LogAssetEditorManager: Opening Asset editor for Blueprint /Game/Blueprints/GameModes/TitleGM.TitleGM
[2018.10.19-21.20.46:809][147]LogRenderer: Reallocating scene render targets to support 1252x720 Format 10 NumSamples 1 (Frame:1).
[2018.10.19-21.20.48:982][384]LogSavePackage: Moving '../../../../../../Users/mjdea/Documents/Development/quincythequadrapus/QuincyTheQuadrapus/Saved/TitleGMF40D9E7D4989F6CB1F6E268B932C1BBA.tmp' to '../../../../../../Users/mjdea/Documents/Development/quincythequadrapus/QuincyTheQuadrapus/Content/Blueprints/GameModes/TitleGM.uasset'
[2018.10.19-21.21.19:449][328]LogSlate: Window 'Pick Parent Class' being destroyed
[2018.10.19-21.21.42:949][966]LogSlate: Window 'Delete Assets' being destroyed
[2018.10.19-21.21.50:279][318]LogSlate: Window 'Pick Parent Class' being destroyed
[2018.10.19-21.22.08:928][541]LogSlate: Took 0.023786 seconds to synchronously load lazily loaded font '../../../Engine/Content/Slate/Fonts/Roboto-Italic.ttf' (157K)
[2018.10.19-21.22.13:324][ 60]LogSlate: Prevented a slow task dialog from being summoned while a context menu was open
[2018.10.19-21.22.18:151][628]BlueprintLog: New page: Compile TitleGM
[2018.10.19-21.22.18:739][657]LogSavePackage: Moving '../../../../../../Users/mjdea/Documents/Development/quincythequadrapus/QuincyTheQuadrapus/Saved/TitleGM5442A2164FC54023454A9F86C32ABB4F.tmp' to '../../../../../../Users/mjdea/Documents/Development/quincythequadrapus/QuincyTheQuadrapus/Content/Blueprints/GameModes/TitleGM.uasset'
[2018.10.19-21.22.28:286][581]LogSlate: Window 'Pick Parent Class' being destroyed
[2018.10.19-21.22.33:015][139]LogAssetEditorManager: Opening Asset editor for Blueprint /Game/Blueprints/PlayerBPs/TitleController.TitleController
[2018.10.19-21.22.36:545][479]LogSavePackage: Moving '../../../../../../Users/mjdea/Documents/Development/quincythequadrapus/QuincyTheQuadrapus/Saved/TitleControllerFAAC5A9B4365F6257D15B3AABF1DEC95.tmp' to '../../../../../../Users/mjdea/Documents/Development/quincythequadrapus/QuincyTheQuadrapus/Content/Blueprints/PlayerBPs/TitleController.uasset'
[2018.10.19-21.22.46:359][581]LogSlate: Prevented a slow task dialog from being summoned while a context menu was open
[2018.10.19-21.22.52:845][326]LogSavePackage: Moving '../../../../../../Users/mjdea/Documents/Development/quincythequadrapus/QuincyTheQuadrapus/Saved/TitleController8153E5E245B13D83CAEC33A52F5ECCD5.tmp' to '../../../../../../Users/mjdea/Documents/Development/quincythequadrapus/QuincyTheQuadrapus/Content/Blueprints/PlayerBPs/TitleController.uasset'
[2018.10.19-21.22.58:321][955]LogSavePackage: Moving '../../../../../../Users/mjdea/Documents/Development/quincythequadrapus/QuincyTheQuadrapus/Saved/TitleControllerEEA1EC424BFDC8D70C016182069EF98F.tmp' to '../../../../../../Users/mjdea/Documents/Development/quincythequadrapus/QuincyTheQuadrapus/Content/Blueprints/PlayerBPs/TitleController.uasset'
[2018.10.19-21.22.59:362][ 79]BlueprintLog: New page: Compile TitleController
[2018.10.19-21.22.59:996][116]LogSavePackage: Moving '../../../../../../Users/mjdea/Documents/Development/quincythequadrapus/QuincyTheQuadrapus/Saved/TitleController7E21A1F545915348292AE592CC530D25.tmp' to '../../../../../../Users/mjdea/Documents/Development/quincythequadrapus/QuincyTheQuadrapus/Content/Blueprints/PlayerBPs/TitleController.uasset'
[2018.10.19-21.23.01:618][307]LogTemp: Repeating last play command: Selected Viewport
[2018.10.19-21.23.01:676][307]BlueprintLog: New page: Pre-Play auto-recompile
[2018.10.19-21.23.01:681][307]LogPlayLevel: [PlayLevel] Compiling TitleScreenUI before play...
[2018.10.19-21.23.01:944][307]LogPlayLevel: PlayLevel: Blueprint regeneration took 268 ms (1 blueprints)
[2018.10.19-21.23.03:509][307]LogSlate: Window 'Message' being destroyed
[2018.10.19-21.23.08:193][846]LogSlate: Prevented a slow task dialog from being summoned while a context menu was open
[2018.10.19-21.23.12:468][343]BlueprintLog: New page: Compile TitleGM
[2018.10.19-21.23.13:048][376]LogSavePackage: Moving '../../../../../../Users/mjdea/Documents/Development/quincythequadrapus/QuincyTheQuadrapus/Saved/TitleGMF4E5D7954C974CB3091E81987418727C.tmp' to '../../../../../../Users/mjdea/Documents/Development/quincythequadrapus/QuincyTheQuadrapus/Content/Blueprints/GameModes/TitleGM.uasset'
[2018.10.19-21.23.15:656][687]LogTemp: Repeating last play command: Selected Viewport
[2018.10.19-21.23.15:687][687]LogPlayLevel: PlayLevel: No blueprints needed recompiling
[2018.10.19-21.23.18:133][687]LogSlate: Window 'Message' being destroyed
[2018.10.19-21.23.18:156][687]PIE: New page: PIE session: Title (Oct 19, 2018, 1:23:18 PM)
[2018.10.19-21.23.18:157][687]LogPlayLevel: Creating play world package: /Game/Levels/UEDPIE_0_Title
[2018.10.19-21.23.18:160][687]LogPlayLevel: PIE: StaticDuplicateObject took: (0.002974s)
[2018.10.19-21.23.18:161][687]LogAIModule: Creating AISystem for world Title
[2018.10.19-21.23.18:162][687]LogPlayLevel: PIE: World Init took: (0.001759s)
[2018.10.19-21.23.18:162][687]LogPlayLevel: PIE: Created PIE world by copying editor world from /Game/Levels/Title.Title to /Game/Levels/UEDPIE_0_Title.Title (0.005000s)
[2018.10.19-21.23.18:305][687]LogInit: XAudio2 using 'Headset Earphone (5- Corsair VOID Wireless Gaming Dongle)' : 2 channels at 48 kHz using 16 bits per sample (channel mask 0x3)
[2018.10.19-21.23.18:318][687]LogInit: FAudioDevice initialized.
[2018.10.19-21.23.18:363][687]LogLoad: Game class is 'ThirdPersonGameMode_C'
[2018.10.19-21.23.18:364][687]LogWorld: Bringing World /Game/Levels/UEDPIE_0_Title.Title up for play (max tick rate 0) at 2018.10.19-17.23.18
[2018.10.19-21.23.18:365][687]LogWorld: Bringing up level for play took: 0.000895
[2018.10.19-21.23.18:400][687]LogContentBrowser: Native class hierarchy updated for 'MovieSceneCapture' in 0.0004 seconds. Added 10 classes and 0 folders.
[2018.10.19-21.23.18:407][687]PIE: Play in editor start time for /Game/Levels/UEDPIE_0_Title 2.114
[2018.10.19-21.23.20:227][898]LogSlate: Updating window title bar state: overlay mode, drag disabled, window buttons hidden, title bar hidden
[2018.10.19-21.23.20:263][898]LogPlayLevel: Display: Shutting down PIE online subsystems
[2018.10.19-21.23.20:369][898]LogSlate: Updating window title bar state: overlay mode, drag disabled, window buttons hidden, title bar hidden
[2018.10.19-21.23.20:390][899]LogPlayLevel: Display: Destroying online subsystem :Context_10
[2018.10.19-21.23.27:528][256]LogSlate: Window 'Save Content' being destroyed
[2018.10.19-21.23.27:595][256]LogSavePackage: Moving '../../../../../../Users/mjdea/Documents/Development/quincythequadrapus/QuincyTheQuadrapus/Saved/TitlePCD58ED4F04AB49F05D232F198DA2215FC.tmp' to '../../../../../../Users/mjdea/Documents/Development/quincythequadrapus/QuincyTheQuadrapus/Content/Blueprints/PlayerBPs/TitlePC.uasset'
[2018.10.19-21.23.27:612][256]Cmd: OBJ SAVEPACKAGE PACKAGE="/Game/Textures/Title" FILE="../../../../../../Users/mjdea/Documents/Development/quincythequadrapus/QuincyTheQuadrapus/Content/Textures/Title.uasset" SILENT=true
[2018.10.19-21.23.27:732][256]LogSavePackage: Moving '../../../../../../Users/mjdea/Documents/Development/quincythequadrapus/QuincyTheQuadrapus/Saved/Title187D4D8B4CA3FD3A7BBFA9BF497510B1.tmp' to '../../../../../../Users/mjdea/Documents/Development/quincythequadrapus/QuincyTheQuadrapus/Content/Textures/Title.uasset'
[2018.10.19-21.23.27:975][256]LogActorComponent: UnregisterComponent: (/Engine/Transient.EditorFloorComp) Not registered. Aborting.
[2018.10.19-21.23.28:050][256]LogSlate: Window 'QuincyTheQuadrapus - Unreal Editor' being destroyed
[2018.10.19-21.23.28:050][256]LogWindowsTextInputMethodSystem: Display: IME system now deactivated.
[2018.10.19-21.23.28:282][257]Cmd: QUIT_EDITOR
[2018.10.19-21.23.28:453][257]LogExit: Preparing to exit.
[2018.10.19-21.23.29:253][257]LogExit: Editor shut down
[2018.10.19-21.23.29:253][257]LogExit: Transaction tracking system shut down
[2018.10.19-21.23.29:889][257]LogExit: Object subsystem successfully closed.
[2018.10.19-21.23.29:912][257]LogShaderCompilers: Display: Shaders left to compile 0
[2018.10.19-21.23.29:917][257]LogD3D11RHI: Shutdown
[2018.10.19-21.23.29:917][257]LogD3D11RHI: CleanupD3DDevice
[2018.10.19-21.23.29:920][257]LogD3D11RHI: ~FD3D11DynamicRHI
[2018.10.19-21.23.29:950][257]LogModuleManager: Shutting down and abandoning module MovieSceneCapture (618)
[2018.10.19-21.23.29:950][257]LogModuleManager: Shutting down and abandoning module Voice (616)
[2018.10.19-21.23.29:950][257]LogModuleManager: Shutting down and abandoning module SequencerWidgets (614)
[2018.10.19-21.23.29:950][257]LogModuleManager: Shutting down and abandoning module BlueprintGraph (612)
[2018.10.19-21.23.29:950][257]LogModuleManager: Shutting down and abandoning module HierarchicalLODOutliner (610)
[2018.10.19-21.23.29:950][257]LogModuleManager: Shutting down and abandoning module SceneOutliner (608)
[2018.10.19-21.23.29:950][257]LogModuleManager: Shutting down and abandoning module AddContentDialog (606)
[2018.10.19-21.23.29:952][257]LogModuleManager: Shutting down and abandoning module WidgetCarousel (605)
[2018.10.19-21.23.29:952][257]LogModuleManager: Shutting down and abandoning module EditorWidgets (602)
[2018.10.19-21.23.29:952][257]LogModuleManager: Shutting down and abandoning module CollectionManager (600)
[2018.10.19-21.23.29:953][257]LogModuleManager: Shutting down and abandoning module StatsViewer (598)
[2018.10.19-21.23.29:953][257]LogModuleManager: Shutting down and abandoning module FoliageEdit (596)
[2018.10.19-21.23.29:953][257]LogModuleManager: Shutting down and abandoning module LandscapeEditor (594)
[2018.10.19-21.23.29:953][257]LogModuleManager: Shutting down and abandoning module MeshPaintMode (592)
[2018.10.19-21.23.29:953][257]LogModuleManager: Shutting down and abandoning module SceneDepthPickerMode (590)
[2018.10.19-21.23.29:953][257]LogModuleManager: Shutting down and abandoning module ActorPickerMode (588)
[2018.10.19-21.23.29:953][257]LogModuleManager: Shutting down and abandoning module GeometryMode (586)
[2018.10.19-21.23.29:953][257]LogModuleManager: Shutting down and abandoning module TextureAlignMode (584)
[2018.10.19-21.23.29:953][257]LogModuleManager: Shutting down and abandoning module BspMode (582)
[2018.10.19-21.23.29:953][257]LogModuleManager: Shutting down and abandoning module PIEPreviewDeviceProfileSelector (580)
[2018.10.19-21.23.29:953][257]LogModuleManager: Shutting down and abandoning module SequenceRecorderSections (578)
[2018.10.19-21.23.29:953][257]LogModuleManager: Shutting down and abandoning module AutomationWorker (576)
[2018.10.19-21.23.29:953][257]LogModuleManager: Shutting down and abandoning module AudioCaptureEditor (574)
[2018.10.19-21.23.29:953][257]LogModuleManager: Shutting down and abandoning module SequenceRecorder (573)
[2018.10.19-21.23.29:953][257]LogModuleManager: Shutting down and abandoning module MatineeToLevelSequence (570)
[2018.10.19-21.23.29:953][257]LogModuleManager: Shutting down and abandoning module LevelSequenceEditor (568)
[2018.10.19-21.23.29:953][257]LogModuleManager: Shutting down and abandoning module PlacementMode (567)
[2018.10.19-21.23.29:953][257]LogModuleManager: Shutting down and abandoning module MaterialEditor (566)
[2018.10.19-21.23.29:953][257]LogModuleManager: Shutting down and abandoning module WmfMediaFactory (562)
[2018.10.19-21.23.29:953][257]LogModuleManager: Shutting down and abandoning module WmfMediaEditor (560)
[2018.10.19-21.23.29:953][257]LogModuleManager: Shutting down and abandoning module MediaPlayerEditor (558)
[2018.10.19-21.23.29:954][257]LogModuleManager: Shutting down and abandoning module OpenExrWrapper (556)
[2018.10.19-21.23.29:954][257]LogModuleManager: Shutting down and abandoning module ImgMediaFactory (554)
[2018.10.19-21.23.29:954][257]LogModuleManager: Shutting down and abandoning module ImgMediaEditor (552)
[2018.10.19-21.23.29:954][257]LogModuleManager: Shutting down and abandoning module AvfMediaFactory (550)
[2018.10.19-21.23.29:954][257]LogModuleManager: Shutting down and abandoning module AvfMediaEditor (548)
[2018.10.19-21.23.29:954][257]LogModuleManager: Shutting down and abandoning module AndroidMediaFactory (546)
[2018.10.19-21.23.29:954][257]LogModuleManager: Shutting down and abandoning module AndroidMediaEditor (544)
[2018.10.19-21.23.29:954][257]LogModuleManager: Shutting down and abandoning module MagicLeapCameraPreviewFactory (542)
[2018.10.19-21.23.29:954][257]LogModuleManager: Shutting down and abandoning module MagicLeapMediaFactory (540)
[2018.10.19-21.23.29:954][257]LogModuleManager: Shutting down and abandoning module MagicLeapMediaEditor (538)
[2018.10.19-21.23.29:954][257]LogModuleManager: Shutting down and abandoning module CharacterAI (536)
[2018.10.19-21.23.29:954][257]LogModuleManager: Shutting down and abandoning module SmartSnapping (534)
[2018.10.19-21.23.29:954][257]LogModuleManager: Shutting down and abandoning module SessionServices (532)
[2018.10.19-21.23.29:954][257]LogModuleManager: Shutting down and abandoning module ViewportSnapping (530)
[2018.10.19-21.23.29:954][257]LogModuleManager: Shutting down and abandoning module ViewportInteraction (528)
[2018.10.19-21.23.29:954][257]LogModuleManager: Shutting down and abandoning module ClothPainter (526)
[2018.10.19-21.23.29:954][257]LogModuleManager: Shutting down and abandoning module SkeletalMeshEditor (525)
[2018.10.19-21.23.29:954][257]LogModuleManager: Shutting down and abandoning module LogVisualizer (522)
[2018.10.19-21.23.29:954][257]LogModuleManager: Shutting down and abandoning module IntroTutorials (520)
[2018.10.19-21.23.29:954][257]LogModuleManager: Shutting down and abandoning module GameProjectGeneration (519)
[2018.10.19-21.23.29:954][257]LogModuleManager: Shutting down and abandoning module LuminPlatformEditor (516)
[2018.10.19-21.23.29:954][257]LogModuleManager: Shutting down and abandoning module IOSPlatformEditor (514)
[2018.10.19-21.23.29:954][257]LogModuleManager: Shutting down and abandoning module HTML5PlatformEditor (512)
[2018.10.19-21.23.29:954][257]LogModuleManager: Shutting down and abandoning module AndroidPlatformEditor (510)
[2018.10.19-21.23.29:954][257]LogModuleManager: Shutting down and abandoning module AndroidDeviceDetection (509)
[2018.10.19-21.23.30:537][257]LogModuleManager: Shutting down and abandoning module WindowsPlatformEditor (506)
[2018.10.19-21.23.30:537][257]LogModuleManager: Shutting down and abandoning module LuminRuntimeSettings (504)
[2018.10.19-21.23.30:537][257]LogModuleManager: Shutting down and abandoning module IOSRuntimeSettings (502)
[2018.10.19-21.23.30:537][257]LogModuleManager: Shutting down and abandoning module AndroidRuntimeSettings (500)
[2018.10.19-21.23.30:537][257]LogModuleManager: Shutting down and abandoning module InputBindingEditor (498)
[2018.10.19-21.23.30:537][257]LogModuleManager: Shutting down and abandoning module MergeActors (496)
[2018.10.19-21.23.30:537][257]LogModuleManager: Shutting down and abandoning module LocalizationDashboard (494)
[2018.10.19-21.23.30:537][257]LogModuleManager: Shutting down and abandoning module LocalizationService (493)
[2018.10.19-21.23.30:537][257]LogModuleManager: Shutting down and abandoning module HardwareTargeting (490)
[2018.10.19-21.23.30:537][257]LogModuleManager: Shutting down and abandoning module DeviceProfileEditor (488)
[2018.10.19-21.23.30:537][257]LogModuleManager: Shutting down and abandoning module UndoHistory (486)
[2018.10.19-21.23.30:538][257]LogModuleManager: Shutting down and abandoning module XmlParser (484)
[2018.10.19-21.23.30:538][257]LogModuleManager: Shutting down and abandoning module Blutility (482)
[2018.10.19-21.23.30:538][257]LogModuleManager: Shutting down and abandoning module ProjectSettingsViewer (480)
[2018.10.19-21.23.30:538][257]LogModuleManager: Shutting down and abandoning module ProjectTargetPlatformEditor (479)
[2018.10.19-21.23.30:538][257]LogModuleManager: Shutting down and abandoning module EditorSettingsViewer (476)
[2018.10.19-21.23.30:538][257]LogModuleManager: Shutting down and abandoning module SettingsEditor (474)
[2018.10.19-21.23.30:538][257]LogModuleManager: Shutting down and abandoning module ProjectLauncher (472)
[2018.10.19-21.23.30:538][257]LogModuleManager: Shutting down and abandoning module SessionFrontend (470)
[2018.10.19-21.23.30:538][257]LogModuleManager: Shutting down and abandoning module ProfilerClient (468)
[2018.10.19-21.23.30:538][257]LogModuleManager: Shutting down and abandoning module DeviceManager (466)
[2018.10.19-21.23.30:538][257]LogModuleManager: Shutting down and abandoning module TargetDeviceServices (465)
[2018.10.19-21.23.30:593][257]LogModuleManager: Shutting down and abandoning module AutomationController (462)
[2018.10.19-21.23.30:593][257]LogModuleManager: Shutting down and abandoning module AutomationWindow (460)
[2018.10.19-21.23.30:593][257]LogModuleManager: Shutting down and abandoning module Layers (458)
[2018.10.19-21.23.30:593][257]LogModuleManager: Shutting down and abandoning module ComponentVisualizers (456)
[2018.10.19-21.23.30:593][257]LogModuleManager: Shutting down and abandoning module DetailCustomizations (454)
[2018.10.19-21.23.30:593][257]LogModuleManager: Shutting down and abandoning module PackagesDialog (452)
[2018.10.19-21.23.30:593][257]LogModuleManager: Shutting down and abandoning module Persona (450)
[2018.10.19-21.23.30:593][257]LogModuleManager: Shutting down and abandoning module AdvancedPreviewScene (449)
[2018.10.19-21.23.30:593][257]LogModuleManager: Shutting down and abandoning module AnimGraph (447)
[2018.10.19-21.23.30:593][257]LogModuleManager: Shutting down and abandoning module Kismet (444)
[2018.10.19-21.23.30:601][257]LogModuleManager: Shutting down and abandoning module GraphEditor (442)
[2018.10.19-21.23.30:601][257]LogModuleManager: Shutting down and abandoning module ClassViewer (440)
[2018.10.19-21.23.30:603][257]LogModuleManager: Shutting down and abandoning module Toolbox (438)
[2018.10.19-21.23.30:603][257]LogModuleManager: Shutting down and abandoning module ModuleUI (436)
[2018.10.19-21.23.30:603][257]LogModuleManager: Shutting down and abandoning module MovieSceneTools (434)
[2018.10.19-21.23.30:603][257]LogModuleManager: Shutting down and abandoning module OutputLog (432)
[2018.10.19-21.23.30:603][257]LogModuleManager: Shutting down and abandoning module GammaUI (430)
[2018.10.19-21.23.30:603][257]LogModuleManager: Shutting down and abandoning module Documentation (428)
[2018.10.19-21.23.30:604][257]LogModuleManager: Shutting down and abandoning module MovieSceneTracks (426)
[2018.10.19-21.23.30:604][257]LogModuleManager: Shutting down and abandoning module MovieScene (424)
[2018.10.19-21.23.30:604][257]LogModuleManager: Shutting down and abandoning module StreamingPauseRendering (422)
[2018.10.19-21.23.30:604][257]LogModuleManager: Shutting down and abandoning module LauncherPlatform (420)
[2018.10.19-21.23.30:604][257]LogModuleManager: Shutting down and abandoning module AnalyticsET (418)
[2018.10.19-21.23.30:604][257]LogModuleManager: Shutting down and abandoning module PortalServices (416)
[2018.10.19-21.23.30:604][257]LogModuleManager: Shutting down and abandoning module PortalRpc (414)
[2018.10.19-21.23.30:604][257]LogModuleManager: Shutting down and abandoning module MessagingRpc (412)
[2018.10.19-21.23.30:604][257]LogModuleManager: Shutting down and abandoning module AIModule (410)
[2018.10.19-21.23.30:604][257]LogModuleManager: Shutting down and abandoning module GameplayDebugger (409)
[2018.10.19-21.23.30:604][257]LogModuleManager: Shutting down and abandoning module AITestSuite (407)
[2018.10.19-21.23.30:604][257]LogModuleManager: Shutting down and abandoning module NavigationSystem (405)
[2018.10.19-21.23.30:604][257]LogModuleManager: Shutting down and abandoning module DesktopPlatform (402)
[2018.10.19-21.23.30:604][257]LogModuleManager: Shutting down and abandoning module ProfilerService (400)
[2018.10.19-21.23.30:676][257]LogModuleManager: Shutting down and abandoning module TaskGraph (398)
[2018.10.19-21.23.30:676][257]LogModuleManager: Shutting down and abandoning module SteamVRController (396)
[2018.10.19-21.23.30:676][257]LogModuleManager: Shutting down and abandoning module ProceduralMeshComponentEditor (394)
[2018.10.19-21.23.30:676][257]LogModuleManager: Shutting down and abandoning module ProceduralMeshComponent (392)
[2018.10.19-21.23.30:676][257]LogModuleManager: Shutting down and abandoning module OculusInput (390)
[2018.10.19-21.23.30:676][257]LogModuleManager: Shutting down and abandoning module MobilePatchingUtils (388)
[2018.10.19-21.23.30:676][257]LogModuleManager: Shutting down and abandoning module EditableMesh (386)
[2018.10.19-21.23.30:676][257]LogModuleManager: Shutting down and abandoning module CustomMeshComponent (384)
[2018.10.19-21.23.30:676][257]LogModuleManager: Shutting down and abandoning module CableComponent (382)
[2018.10.19-21.23.30:676][257]LogModuleManager: Shutting down and abandoning module AudioCapture (380)
[2018.10.19-21.23.30:676][257]LogModuleManager: Shutting down and abandoning module ArchVisCharacter (378)
[2018.10.19-21.23.30:676][257]LogModuleManager: Shutting down and abandoning module AndroidPermission (376)
[2018.10.19-21.23.30:676][257]LogModuleManager: Shutting down and abandoning module NUTUnrealEngine4 (374)
[2018.10.19-21.23.30:676][257]LogModuleManager: Shutting down and abandoning module NetcodeUnitTest (372)
[2018.10.19-21.23.30:676][257]LogModuleManager: Shutting down and abandoning module MediaCompositingEditor (370)
[2018.10.19-21.23.30:676][257]LogModuleManager: Shutting down and abandoning module MediaCompositing (368)
[2018.10.19-21.23.30:676][257]LogModuleManager: Shutting down and abandoning module LinearTimecode (366)
[2018.10.19-21.23.30:676][257]LogModuleManager: Shutting down and abandoning module ImgMedia (364)
[2018.10.19-21.23.30:680][257]LogModuleManager: Shutting down and abandoning module HTML5Networking (362)
[2018.10.19-21.23.30:680][257]LogModuleManager: Shutting down and abandoning module GeometryCacheTracks (360)
[2018.10.19-21.23.30:680][257]LogModuleManager: Shutting down and abandoning module GeometryCacheSequencer (358)
[2018.10.19-21.23.30:680][257]LogModuleManager: Shutting down and abandoning module BackChannel (356)
[2018.10.19-21.23.30:680][257]LogModuleManager: Shutting down and abandoning module AppleVision (354)
[2018.10.19-21.23.30:680][257]LogModuleManager: Shutting down and abandoning module AppleImageUtils (352)
[2018.10.19-21.23.30:680][257]LogModuleManager: Shutting down and abandoning module AlembicImporter (350)
[2018.10.19-21.23.30:680][257]LogModuleManager: Shutting down and abandoning module AlembicLibrary (349)
[2018.10.19-21.23.30:680][257]LogModuleManager: Shutting down and abandoning module GeometryCache (348)
[2018.10.19-21.23.30:680][257]LogModuleManager: Shutting down and abandoning module GeometryCacheEd (347)
[2018.10.19-21.23.30:680][257]LogModuleManager: Shutting down and abandoning module DatasmithContentEditor (342)
[2018.10.19-21.23.30:680][257]LogModuleManager: Shutting down and abandoning module DatasmithContent (340)
[2018.10.19-21.23.30:681][257]LogModuleManager: Shutting down and abandoning module SpeedTreeImporter (338)
[2018.10.19-21.23.30:681][257]LogModuleManager: Shutting down and abandoning module PluginBrowser (336)
[2018.10.19-21.23.30:681][257]LogModuleManager: Shutting down and abandoning module MobileLauncherProfileWizard (334)
[2018.10.19-21.23.30:681][257]LogModuleManager: Shutting down and abandoning module PolygonModeling (332)
[2018.10.19-21.23.30:681][257]LogModuleManager: Shutting down and abandoning module MeshEditor (330)
[2018.10.19-21.23.30:681][257]LogModuleManager: Shutting down and abandoning module CryptoKeysOpenSSL (328)
[2018.10.19-21.23.30:681][257]LogModuleManager: Shutting down and abandoning module CryptoKeys (326)
[2018.10.19-21.23.30:681][257]LogModuleManager: Shutting down and abandoning module VisualStudioSourceCodeAccess (324)
[2018.10.19-21.23.30:681][257]LogModuleManager: Shutting down and abandoning module VisualStudioCodeSourceCodeAccess (322)
[2018.10.19-21.23.30:681][257]LogModuleManager: Shutting down and abandoning module UObjectPlugin (320)
[2018.10.19-21.23.30:681][257]LogModuleManager: Shutting down and abandoning module SubversionSourceControl (318)
[2018.10.19-21.23.30:681][257]LogModuleManager: Shutting down and abandoning module PerforceSourceControl (316)
[2018.10.19-21.23.30:682][257]LogModuleManager: Shutting down and abandoning module GitSourceControl (314)
[2018.10.19-21.23.30:682][257]LogModuleManager: Shutting down and abandoning module SourceControl (313)
[2018.10.19-21.23.30:682][257]LogModuleManager: Shutting down and abandoning module CLionSourceCodeAccess (310)
[2018.10.19-21.23.30:682][257]LogModuleManager: Shutting down and abandoning module LightPropagationVolumeEditor (308)
[2018.10.19-21.23.30:682][257]LogModuleManager: Shutting down and abandoning module PaperTiledImporter (306)
[2018.10.19-21.23.30:682][257]LogModuleManager: Shutting down and abandoning module PaperSpriteSheetImporter (304)
[2018.10.19-21.23.30:682][257]LogModuleManager: Shutting down and abandoning module Paper2DEditor (302)
[2018.10.19-21.23.30:682][257]LogModuleManager: Shutting down and abandoning module MeshPaint (301)
[2018.10.19-21.23.30:682][257]LogModuleManager: Shutting down and abandoning module RuntimePhysXCooking (298)
[2018.10.19-21.23.30:682][257]LogModuleManager: Shutting down and abandoning module PhysXVehiclesEditor (296)
[2018.10.19-21.23.30:682][257]LogModuleManager: Shutting down and abandoning module PhysXVehicles (294)
[2018.10.19-21.23.30:682][257]LogModuleManager: Shutting down and abandoning module OculusEditor (292)
[2018.10.19-21.23.30:682][257]LogModuleManager: Shutting down and abandoning module LocationServicesBPLibrary (290)
[2018.10.19-21.23.30:682][257]LogModuleManager: Shutting down and abandoning module ImmediatePhysicsEditor (288)
[2018.10.19-21.23.30:682][257]LogModuleManager: Shutting down and abandoning module ImmediatePhysics (286)
[2018.10.19-21.23.30:682][257]LogModuleManager: Shutting down and abandoning module ActorSequence (284)
[2018.10.19-21.23.30:682][257]LogModuleManager: Shutting down and abandoning module UdpMessaging (282)
[2018.10.19-21.23.30:784][257]LogModuleManager: Shutting down and abandoning module TcpMessaging (280)
[2018.10.19-21.23.30:885][257]LogModuleManager: Shutting down and abandoning module MagicLeapAudio (278)
[2018.10.19-21.23.30:885][257]LogModuleManager: Shutting down and abandoning module GameplayTagsEditor (276)
[2018.10.19-21.23.30:885][257]LogModuleManager: Shutting down and abandoning module FacialAnimationEditor (274)
[2018.10.19-21.23.30:885][257]LogModuleManager: Shutting down and abandoning module FacialAnimation (272)
[2018.10.19-21.23.30:885][257]LogModuleManager: Shutting down and abandoning module DataValidation (270)
[2018.10.19-21.23.30:885][257]LogModuleManager: Shutting down and abandoning module AssetManagerEditor (268)
[2018.10.19-21.23.30:885][257]LogModuleManager: Shutting down and abandoning module LevelEditor (267)
[2018.10.19-21.23.30:886][257]LogModuleManager: Shutting down and abandoning module PixelInspectorModule (266)
[2018.10.19-21.23.30:886][257]LogModuleManager: Shutting down and abandoning module CommonMenuExtensions (264)
[2018.10.19-21.23.30:886][257]LogModuleManager: Shutting down and abandoning module MainFrame (262)
[2018.10.19-21.23.30:886][257]LogModuleManager: Shutting down and abandoning module HotReload (261)
[2018.10.19-21.23.30:887][257]LogModuleManager: Shutting down and abandoning module ContentBrowser (257)
[2018.10.19-21.23.30:888][257]LogModuleManager: Shutting down and abandoning module TreeMap (255)
[2018.10.19-21.23.30:888][257]LogModuleManager: Shutting down and abandoning module LightPropagationVolumeRuntime (252)
[2018.10.19-21.23.30:888][257]LogModuleManager: Shutting down and abandoning module AISupportModule (250)
[2018.10.19-21.23.30:888][257]LogModuleManager: Shutting down and abandoning module Paper2D (248)
[2018.10.19-21.23.30:888][257]LogModuleManager: Shutting down and abandoning module WindowsMoviePlayer (246)
[2018.10.19-21.23.30:888][257]LogModuleManager: Shutting down and abandoning module WmfMedia (244)
[2018.10.19-21.23.30:890][257]LogModuleManager: Shutting down and abandoning module Media (243)
[2018.10.19-21.23.30:896][257]LogModuleManager: Shutting down and abandoning module PacketHandler (240)
[2018.10.19-21.23.30:896][257]LogModuleManager: Shutting down and abandoning module ClothingSystemEditor (238)
[2018.10.19-21.23.30:896][257]LogModuleManager: Shutting down and abandoning module ClothingSystemRuntime (236)
[2018.10.19-21.23.30:896][257]LogModuleManager: Shutting down and abandoning module MediaAssets (234)
[2018.10.19-21.23.30:896][257]LogModuleManager: Shutting down and abandoning module Overlay (232)
[2018.10.19-21.23.30:896][257]LogModuleManager: Shutting down and abandoning module OverlayEditor (231)
[2018.10.19-21.23.30:897][257]LogModuleManager: Shutting down and abandoning module VREditor (228)
[2018.10.19-21.23.30:897][257]LogModuleManager: Shutting down and abandoning module StringTableEditor (226)
[2018.10.19-21.23.30:897][257]LogModuleManager: Shutting down and abandoning module GameplayTasksEditor (224)
[2018.10.19-21.23.30:897][257]LogModuleManager: Shutting down and abandoning module BehaviorTreeEditor (222)
[2018.10.19-21.23.30:897][257]LogModuleManager: Shutting down and abandoning module FunctionalTesting (220)
[2018.10.19-21.23.30:897][257]LogModuleManager: Shutting down and abandoning module CollisionAnalyzer (218)
[2018.10.19-21.23.30:897][257]LogModuleManager: Shutting down and abandoning module WorkspaceMenuStructure (217)
[2018.10.19-21.23.30:897][257]LogModuleManager: Shutting down and abandoning module UMG (214)
[2018.10.19-21.23.30:897][257]LogModuleManager: Shutting down and abandoning module UMGEditor (213)
[2018.10.19-21.23.30:897][257]LogModuleManager: Shutting down and abandoning module Sequencer (212)
[2018.10.19-21.23.30:897][257]LogModuleManager: Shutting down and abandoning module MessageLog (209)
[2018.10.19-21.23.30:897][257]LogModuleManager: Shutting down and abandoning module SlateReflector (204)
[2018.10.19-21.23.30:897][257]LogModuleManager: Shutting down and abandoning module Slate (202)
[2018.10.19-21.23.30:897][257]LogModuleManager: Shutting down and abandoning module EditorStyle (200)
[2018.10.19-21.23.30:899][257]LogModuleManager: Shutting down and abandoning module MRMesh (198)
[2018.10.19-21.23.30:899][257]LogModuleManager: Shutting down and abandoning module SourceCodeAccess (196)
[2018.10.19-21.23.30:899][257]LogModuleManager: Shutting down and abandoning module HeadMountedDisplay (194)
[2018.10.19-21.23.30:899][257]LogModuleManager: Shutting down and abandoning module XAudio2 (192)
[2018.10.19-21.23.30:899][257]LogModuleManager: Shutting down and abandoning module Networking (190)
[2018.10.19-21.23.30:899][257]LogModuleManager: Shutting down and abandoning module Core (188)
[2018.10.19-21.23.30:899][257]LogModuleManager: Shutting down and abandoning module LevelSequence (186)
[2018.10.19-21.23.30:899][257]LogModuleManager: Shutting down and abandoning module KismetCompiler (184)
[2018.10.19-21.23.30:899][257]LogModuleManager: Shutting down and abandoning module MeshUtilities (182)
[2018.10.19-21.23.30:899][257]LogModuleManager: Shutting down and abandoning module MeshMergeUtilities (181)
[2018.10.19-21.23.30:899][257]LogModuleManager: Shutting down and abandoning module MeshReductionInterface (180)
[2018.10.19-21.23.30:899][257]LogModuleManager: Shutting down and abandoning module SimplygonSwarm (179)
[2018.10.19-21.23.30:899][257]LogModuleManager: Shutting down and abandoning module ProxyLODMeshReduction (177)
[2018.10.19-21.23.30:899][257]LogModuleManager: Shutting down and abandoning module SimplygonMeshReduction (175)
[2018.10.19-21.23.30:899][257]LogModuleManager: Shutting down and abandoning module QuadricMeshReduction (173)
[2018.10.19-21.23.30:900][257]LogModuleManager: Shutting down and abandoning module MaterialBaking (169)
[2018.10.19-21.23.30:900][257]LogModuleManager: Shutting down and abandoning module DirectoryWatcher (165)
[2018.10.19-21.23.30:900][257]LogModuleManager: Shutting down and abandoning module DerivedDataCache (162)
[2018.10.19-21.23.30:973][257]LogDerivedDataCache: Shutdown
[2018.10.19-21.23.30:973][257]LogModuleManager: Shutting down and abandoning module XGEController (160)
[2018.10.19-21.23.30:973][257]LogXGEController: Cleaning working directory: C:/Users/mjdea/AppData/Local/Temp/UnrealXGEWorkingDir/
[2018.10.19-21.23.30:974][257]LogModuleManager: Shutting down and abandoning module TargetPlatform (158)
[2018.10.19-21.23.30:974][257]LogModuleManager: Shutting down and abandoning module VulkanShaderFormat (157)
[2018.10.19-21.23.30:974][257]LogModuleManager: Shutting down and abandoning module ShaderFormatVectorVM (155)
[2018.10.19-21.23.30:974][257]LogModuleManager: Shutting down and abandoning module ShaderFormatOpenGL (153)
[2018.10.19-21.23.30:974][257]LogModuleManager: Shutting down and abandoning module ShaderFormatD3D (151)
[2018.10.19-21.23.30:974][257]LogModuleManager: Shutting down and abandoning module MetalShaderFormat (149)
[2018.10.19-21.23.30:974][257]LogModuleManager: Shutting down and abandoning module TextureFormatUncompressed (147)
[2018.10.19-21.23.30:974][257]LogModuleManager: Shutting down and abandoning module TextureFormatPVR (145)
[2018.10.19-21.23.30:974][257]LogModuleManager: Shutting down and abandoning module TextureFormatDXT (143)
[2018.10.19-21.23.30:974][257]LogModuleManager: Shutting down and abandoning module TextureFormatIntelISPCTexComp (141)
[2018.10.19-21.23.30:974][257]LogModuleManager: Shutting down and abandoning module TextureFormatASTC (139)
[2018.10.19-21.23.30:974][257]LogModuleManager: Shutting down and abandoning module ImageWrapper (138)
[2018.10.19-21.23.30:974][257]LogModuleManager: Shutting down and abandoning module TextureFormatAndroid (135)
[2018.10.19-21.23.30:974][257]LogModuleManager: Shutting down and abandoning module AudioFormatOpus (133)
[2018.10.19-21.23.30:974][257]LogModuleManager: Shutting down and abandoning module AudioFormatOgg (131)
[2018.10.19-21.23.30:974][257]LogModuleManager: Shutting down and abandoning module AudioFormatADPCM (129)
[2018.10.19-21.23.30:974][257]LogModuleManager: Shutting down and abandoning module LuminTargetPlatform (127)
[2018.10.19-21.23.30:974][257]LogModuleManager: Shutting down and abandoning module LinuxTargetPlatform (125)
[2018.10.19-21.23.30:974][257]LogModuleManager: Shutting down and abandoning module LinuxServerTargetPlatform (123)
[2018.10.19-21.23.30:974][257]LogModuleManager: Shutting down and abandoning module LinuxNoEditorTargetPlatform (121)
[2018.10.19-21.23.30:974][257]LogModuleManager: Shutting down and abandoning module LinuxClientTargetPlatform (119)
[2018.10.19-21.23.30:974][257]LogModuleManager: Shutting down and abandoning module TVOSTargetPlatform (117)
[2018.10.19-21.23.30:975][257]LogModuleManager: Shutting down and abandoning module Messaging (115)
[2018.10.19-21.23.30:975][257]LogModuleManager: Shutting down and abandoning module IOSTargetPlatform (113)
[2018.10.19-21.23.30:976][257]LogModuleManager: Shutting down and abandoning module HTML5TargetPlatform (111)
[2018.10.19-21.23.30:976][257]LogModuleManager: Shutting down and abandoning module AndroidTargetPlatform (109)
[2018.10.19-21.23.30:983][257]LogModuleManager: Shutting down and abandoning module WindowsTargetPlatform (107)
[2018.10.19-21.23.30:983][257]LogModuleManager: Shutting down and abandoning module WindowsServerTargetPlatform (105)
[2018.10.19-21.23.30:983][257]LogModuleManager: Shutting down and abandoning module WindowsNoEditorTargetPlatform (103)
[2018.10.19-21.23.30:983][257]LogModuleManager: Shutting down and abandoning module WindowsClientTargetPlatform (101)
[2018.10.19-21.23.30:983][257]LogModuleManager: Shutting down and abandoning module MacTargetPlatform (99)
[2018.10.19-21.23.30:983][257]LogModuleManager: Shutting down and abandoning module MacServerTargetPlatform (97)
[2018.10.19-21.23.30:983][257]LogModuleManager: Shutting down and abandoning module MacNoEditorTargetPlatform (95)
[2018.10.19-21.23.30:983][257]LogModuleManager: Shutting down and abandoning module MacClientTargetPlatform (93)
[2018.10.19-21.23.30:983][257]LogModuleManager: Shutting down and abandoning module AllDesktopTargetPlatform (91)
[2018.10.19-21.23.30:984][257]LogModuleManager: Shutting down and abandoning module InputCore (88)
[2018.10.19-21.23.30:984][257]LogModuleManager: Shutting down and abandoning module Settings (86)
[2018.10.19-21.23.30:984][257]LogModuleManager: Shutting down and abandoning module PhysXCooking (84)
[2018.10.19-21.23.30:984][257]LogModuleManager: Shutting down and abandoning module SteamVR (82)
[2018.10.19-21.23.30:984][257]LogModuleManager: Shutting down and abandoning module OculusHMD (80)
[2018.10.19-21.23.30:984][257]LogModuleManager: Shutting down and abandoning module ExampleDeviceProfileSelector (78)
[2018.10.19-21.23.30:984][257]LogModuleManager: Shutting down and abandoning module LauncherChunkInstaller (76)
[2018.10.19-21.23.30:984][257]LogModuleManager: Shutting down and abandoning module OnlineBlueprintSupport (74)
[2018.10.19-21.23.30:984][257]LogModuleManager: Shutting down and abandoning module OnlineSubsystem (70)
[2018.10.19-21.23.30:985][257]LogModuleManager: Shutting down and abandoning module XMPP (65)
[2018.10.19-21.23.30:985][257]LogModuleManager: Shutting down and abandoning module WebSockets (64)
[2018.10.19-21.23.31:003][257]LogModuleManager: Shutting down and abandoning module HTTP (61)
[2018.10.19-21.23.31:004][257]LogHttp: Display: Http module shutting down, but needs to wait on 1 outstanding Http requests:
[2018.10.19-21.23.31:004][257]LogHttp: Display: 	verb=[POST] url=[https://datarouter.ol.epicgames.com/datarouter/api/v1/public/data?SessionID=%7BAACBE600-4C0F-571A-0ADF-C08A8F72070C%7D&AppID=UEEditor.Rocket.Release&AppVersion=4.20.3-4369336%2B%2B%2BUE4%2BRelease-4.20&UserID=498cfc4148bc418b09f0639ee6f53920%7C374393fee83848c39c2da3a282eff10c%7C8fa7f096-699e-46bc-a334-bcd8d9130048&AppEnvironment=datacollector-binary&UploadType=eteventstream] status=Processing
[2018.10.19-21.23.31:010][257]LogModuleManager: Shutting down and abandoning module SSL (60)
[2018.10.19-21.23.31:011][257]LogModuleManager: Shutting down and abandoning module MagicLeapEmulator (56)
[2018.10.19-21.23.31:011][257]LogModuleManager: Shutting down and abandoning module MagicLeapPrivileges (54)
[2018.10.19-21.23.31:011][257]LogModuleManager: Shutting down and abandoning module MagicLeapIdentity (52)
[2018.10.19-21.23.31:011][257]LogModuleManager: Shutting down and abandoning module MagicLeapHelperVulkan (50)
[2018.10.19-21.23.31:012][257]LogModuleManager: Shutting down and abandoning module MagicLeapHelperOpenGL (48)
[2018.10.19-21.23.31:012][257]LogModuleManager: Shutting down and abandoning module MagicLeapSecureStorage (46)
[2018.10.19-21.23.31:012][257]LogModuleManager: Shutting down and abandoning module MagicLeapGestures (44)
[2018.10.19-21.23.31:012][257]LogModuleManager: Shutting down and abandoning module MagicLeapEyeTracker (42)
[2018.10.19-21.23.31:012][257]LogModuleManager: Shutting down and abandoning module MagicLeapController (40)
[2018.10.19-21.23.31:012][257]LogSlate: Slate User Destroyed.  User Index 0, Is Virtual User: 0
[2018.10.19-21.23.31:012][257]LogModuleManager: Shutting down and abandoning module MagicLeap (38)
[2018.10.19-21.23.31:012][257]LogModuleManager: Shutting down and abandoning module AnimationModifiers (36)
[2018.10.19-21.23.31:012][257]LogModuleManager: Shutting down and abandoning module PropertyEditor (35)
[2018.10.19-21.23.31:012][257]LogModuleManager: Shutting down and abandoning module AudioEditor (32)
[2018.10.19-21.23.31:012][257]LogModuleManager: Shutting down and abandoning module TextureCompressor (30)
[2018.10.19-21.23.31:012][257]LogModuleManager: Shutting down and abandoning module ShaderCore (28)
[2018.10.19-21.23.31:012][257]LogModuleManager: Shutting down and abandoning module Landscape (26)
[2018.10.19-21.23.31:012][257]LogModuleManager: Shutting down and abandoning module SlateRHIRenderer (24)
[2018.10.19-21.23.31:013][257]LogModuleManager: Shutting down and abandoning module OpenGLDrv (22)
[2018.10.19-21.23.31:013][257]LogModuleManager: Shutting down and abandoning module D3D11RHI (20)
[2018.10.19-21.23.31:013][257]LogModuleManager: Shutting down and abandoning module AnimGraphRuntime (18)
[2018.10.19-21.23.31:013][257]LogModuleManager: Shutting down and abandoning module Renderer (16)
[2018.10.19-21.23.31:013][257]LogModuleManager: Shutting down and abandoning module Engine (14)
[2018.10.19-21.23.31:013][257]LogModuleManager: Shutting down and abandoning module CoreUObject (12)
[2018.10.19-21.23.31:013][257]LogModuleManager: Shutting down and abandoning module NetworkFile (10)
[2018.10.19-21.23.31:013][257]LogModuleManager: Shutting down and abandoning module CookedIterativeFile (8)
[2018.10.19-21.23.31:013][257]LogModuleManager: Shutting down and abandoning module StreamingFile (6)
[2018.10.19-21.23.31:013][257]LogModuleManager: Shutting down and abandoning module SandboxFile (4)
[2018.10.19-21.23.31:013][257]LogModuleManager: Shutting down and abandoning module PakFile (2)
[2018.10.19-21.23.31:022][257]LogExit: Exiting.
[2018.10.19-21.23.31:053][257]Log file closed, 10/19/18 17:23:31
