"../../../Engine/Content/Functions/Engine_MaterialFunctions01/Opacity/CameraDepthFade.uasset" 0
"../../../Engine/Content/EngineMaterials/T_Default_Material_Grid_M.uasset" 1
"../../../Engine/Content/EngineMaterials/T_Default_Material_Grid_N.uasset" 2
"../../../Engine/Content/EngineMaterials/WorldGridMaterial.uasset" 3
"../../../Engine/Content/ArtTools/RenderToTexture/Meshes/S_1_Unit_Plane.uasset" 4
"../../../Engine/Content/EngineMaterials/DefaultMaterial.uasset" 5
"../../../Engine/Content/BasicShapes/Cone.uasset" 6
"../../../Engine/Content/BasicShapes/Cylinder.uasset" 7
"../../../Engine/Content/BasicShapes/Plane.uasset" 8
"../../../Engine/Content/EngineMaterials/DefaultPhysicalMaterial.uasset" 9
"../../../Engine/Content/BufferVisualization/AmbientOcclusion.uasset" 10
"../../../Engine/Content/BufferVisualization/BaseColor.uasset" 11
"../../../Engine/Content/BufferVisualization/CustomDepth.uasset" 12
"../../../Engine/Content/Functions/Engine_MaterialFunctions02/Utility/VectorLength.uasset" 13
"../../../Engine/Content/BufferVisualization/CustomDepthWorldUnits.uasset" 14
"../../../Engine/Content/Functions/Engine_MaterialFunctions02/Utility/BreakOutFloat2Components.uasset" 15
"../../../Engine/Content/Functions/Engine_MaterialFunctions01/Texturing/ScaleUVsByCenter.uasset" 16
"../../../Engine/Content/Functions/Engine_MaterialFunctions02/ScreenResolution.uasset" 17
"../../../Engine/Content/Functions/Engine_MaterialFunctions02/Texturing/ScreenAlignedUVs.uasset" 18
"../../../Engine/Content/Functions/Engine_MaterialFunctions02/Utility/MakeFloat2.uasset" 19
"../../../Engine/Content/Functions/Engine_MaterialFunctions02/Utility/MakeFloat3.uasset" 20
"../../../Engine/Content/EngineMaterials/MiniFont.uasset" 21
"../../../Engine/Content/BufferVisualization/CustomStencil.uasset" 22
"../../../Engine/Content/BufferVisualization/FinalImage.uasset" 23
"../../../Engine/Content/BufferVisualization/LightingModel.uasset" 24
"../../../Engine/Content/BufferVisualization/MaterialAO.uasset" 25
"../../../Engine/Content/BufferVisualization/Metallic.uasset" 26
"../../../Engine/Content/BufferVisualization/Opacity.uasset" 27
"../../../Engine/Content/BufferVisualization/PostTonemapHDRColor.uasset" 28
"../../../Engine/Content/BufferVisualization/PreTonemapHDRColor.uasset" 29
"../../../Engine/Content/BufferVisualization/Roughness.uasset" 30
"../../../Engine/Content/BufferVisualization/SceneColor.uasset" 31
"../../../Engine/Content/BufferVisualization/SceneDepth.uasset" 32
"../../../Engine/Content/BufferVisualization/SceneDepthWorldUnits.uasset" 33
"../../../Engine/Content/BufferVisualization/SeparateTranslucencyA.uasset" 34
"../../../Engine/Content/BufferVisualization/SeparateTranslucencyRGB.uasset" 35
"../../../Engine/Content/BufferVisualization/Specular.uasset" 36
"../../../Engine/Content/BufferVisualization/SubsurfaceColor.uasset" 37
"../../../Engine/Content/BufferVisualization/WorldNormal.uasset" 38
"../../../Engine/Content/EditorLandscapeResources/DataLayer.uasset" 39
"../../../Engine/Content/EditorLandscapeResources/DefaultAlphaTexture.uasset" 40
"../../../Engine/Content/EditorLandscapeResources/LandscapeGizmoHeight_Mat.uasset" 41
"../../../Engine/Content/EditorLandscapeResources/LandscapeGizmo_Mat.uasset" 42
"../../../Engine/Content/EditorLandscapeResources/LandscapeGizmo_Mat_Copied.uasset" 43
"../../../Engine/Content/EditorLandscapeResources/SplineEditorMeshMat.uasset" 44
"../../../Engine/Content/EditorLandscapeResources/SplineEditorMesh.uasset" 45
"../../../Engine/Content/EditorMaterials/Cross.uasset" 46
"../../../Engine/Content/EditorMaterials/Cross_Mat.uasset" 47
"../../../Engine/Content/EditorMaterials/GizmoMaterial.uasset" 48
"../../../Engine/Content/Functions/Engine_MaterialFunctions02/Utility/Sign.uasset" 49
"../../../Engine/Content/Functions/Engine_MaterialFunctions02/Utility/Round.uasset" 50
"../../../Engine/Content/Functions/Engine_MaterialFunctions02/ExampleContent/Textures/flipbook.uasset" 51
"../../../Engine/Content/Functions/Engine_MaterialFunctions02/Texturing/FlipBook.uasset" 52
"../../../Engine/Content/EditorResources/T_EditorHelp.uasset" 53
"../../../Engine/Content/EditorMaterials/HelpActorMaterial.uasset" 54
"../../../Engine/Content/EditorMaterials/CompositeARGBLayer.uasset" 55
"../../../Engine/Content/EditorMaterials/TilingAALineIntegral.uasset" 56
"../../../Engine/Content/EditorMaterials/TilingAALineBoxFiltered.uasset" 57
"../../../Engine/Content/Functions/Engine_MaterialFunctions03/Procedurals/ComputeFilterWidth.uasset" 58
"../../../Engine/Content/EditorMaterials/TilingAADots.uasset" 59
"../../../Engine/Content/EngineMaterials/BlendFunc_DefBase.uasset" 60
"../../../Engine/Content/EngineMaterials/BlendFunc_DefBlend.uasset" 61
"../../../Engine/Content/Functions/Engine_MaterialFunctions03/Blends/Blend_Screen.uasset" 62
"../../../Engine/Content/EditorMaterials/TilingAAGrid.uasset" 63
"../../../Engine/Content/EditorMaterials/LevelGridMaterial.uasset" 64
"../../../Engine/Content/EditorMaterials/MakeCompositeARGBLayer.uasset" 65
"../../../Engine/Content/EditorResources/LevelGrid1DStripes.uasset" 66
"../../../Engine/Content/EditorMaterials/TextureGridCascaded1D.uasset" 67
"../../../Engine/Content/EditorMaterials/TextureGridCascaded2D.uasset" 68
"../../../Engine/Content/EditorMaterials/LevelGridMaterial2.uasset" 69
"../../../Engine/Content/EditorMaterials/MAT_Groups_Toggle.uasset" 70
"../../../Engine/Content/EditorMaterials/MAT_Groups_Visibility.uasset" 71
"../../../Engine/Content/EditorMaterials/PhAT_BoneSelectedMaterial.uasset" 72
"../../../Engine/Content/EditorMaterials/PhAT_ElemSelectedMaterial.uasset" 73
"../../../Engine/Content/EditorMaterials/PhAT_NoCollisionMaterial.uasset" 74
"../../../Engine/Content/EditorMaterials/PhAT_UnselectedMaterial.uasset" 75
"../../../Engine/Content/EditorMaterials/PreviewShadowIndicator.uasset" 76
"../../../Engine/Content/EditorMaterials/PreviewShadowIndicatorMaterial.uasset" 77
"../../../Engine/Content/EditorMaterials/TargetIcon.uasset" 78
"../../../Engine/Content/EditorMaterials/Tick.uasset" 79
"../../../Engine/Content/EditorMaterials/Tick_Mat.uasset" 80
"../../../Engine/Content/EditorMaterials/WidgetGridVertexColorMaterial.uasset" 81
"../../../Engine/Content/EditorMaterials/WidgetGridVertexColorMaterial_Ma.uasset" 82
"../../../Engine/Content/EditorMaterials/WidgetMaterial.uasset" 83
"../../../Engine/Content/EditorMaterials/WidgetMaterial_Current.uasset" 84
"../../../Engine/Content/EditorMaterials/WidgetMaterial_X.uasset" 85
"../../../Engine/Content/EditorMaterials/WidgetMaterial_Y.uasset" 86
"../../../Engine/Content/EditorMaterials/WidgetMaterial_Z.uasset" 87
"../../../Engine/Content/EditorMaterials/WidgetVertexColorMaterial.uasset" 88
"../../../Engine/Content/EditorMaterials/MatineeGroups/MAT_ColorTrack.uasset" 89
"../../../Engine/Content/EditorMaterials/MatineeGroups/MAT_Groups_Anim.uasset" 90
"../../../Engine/Content/EditorMaterials/MatineeGroups/MAT_Groups_AudioMaster.uasset" 91
"../../../Engine/Content/EditorMaterials/MatineeGroups/MAT_Groups_Director.uasset" 92
"../../../Engine/Content/EditorMaterials/MatineeGroups/MAT_Groups_Event.uasset" 93
"../../../Engine/Content/EditorMaterials/MatineeGroups/MAT_Groups_Fade.uasset" 94
"../../../Engine/Content/EditorMaterials/MatineeGroups/MAT_Groups_Float.uasset" 95
"../../../Engine/Content/EditorMaterials/MatineeGroups/MAT_Groups_Move.uasset" 96
"../../../Engine/Content/EditorMaterials/MatineeGroups/MAT_Groups_Slomo.uasset" 97
"../../../Engine/Content/EditorMaterials/MatineeGroups/MAT_Groups_Sound.uasset" 98
"../../../Engine/Content/EditorMaterials/MatineeGroups/MAT_Groups_Vector.uasset" 99
"../../../Engine/Content/EditorMaterials/ParticleSystems/PSysThumbnail_NoImage.uasset" 100
"../../../Engine/Content/EditorMaterials/ParticleSystems/PSysThumbnail_OOD.uasset" 101
"../../../Engine/Content/EngineMaterials/Grid.uasset" 102
"../../../Engine/Content/EditorMaterials/Thumbnails/FloorPlaneMaterial.uasset" 103
"../../../Engine/Content/EditorMeshes/EditorCube.uasset" 104
"../../../Engine/Content/EditorMeshes/EditorCylinder.uasset" 105
"../../../Engine/Content/EditorMeshes/EditorPlane.uasset" 106
"../../../Engine/Content/EditorMaterials/Thumbnails/SkySphereMaterial.uasset" 107
"../../../Engine/Content/EditorMeshes/EditorSkySphere.uasset" 108
"../../../Engine/Content/EditorMeshes/EditorSphere.uasset" 109
"../../../Engine/Content/EditorResources/MatineeCam_D.uasset" 110
"../../../Engine/Content/EditorMaterials/MatineeCam_mat.uasset" 111
"../../../Engine/Content/EditorMeshes/MatineeCam_SM.uasset" 112
"../../../Engine/Content/EditorMaterials/Camera/CineMat.uasset" 113
"../../../Engine/Content/EditorMaterials/Camera/MI_CineMat_CameraBody.uasset" 114
"../../../Engine/Content/EngineDebugMaterials/M_SimpleOpaque.uasset" 115
"../../../Engine/Content/EditorMaterials/Camera/MI_CineMat_CamViewFinder.uasset" 116
"../../../Engine/Content/EditorMeshes/Camera/SM_CineCam.uasset" 117
"../../../Engine/Content/EditorMaterials/Camera/MI_CineMat_Rig.uasset" 118
"../../../Engine/Content/EditorMeshes/Camera/SM_CraneRig_Arm.uasset" 119
"../../../Engine/Content/EditorMeshes/Camera/SM_CraneRig_Base.uasset" 120
"../../../Engine/Content/EditorMeshes/Camera/SM_CraneRig_Body.uasset" 121
"../../../Engine/Content/EditorMeshes/Camera/SM_CraneRig_Mount.uasset" 122
"../../../Engine/Content/EditorMeshes/Camera/SM_RailRig_Mount.uasset" 123
"../../../Engine/Content/EditorMeshes/Camera/SM_RailRig_Track.uasset" 124
"../../../Engine/Content/EditorResources/Bad.uasset" 125
"../../../Engine/Content/EditorResources/BSPVertex.uasset" 126
"../../../Engine/Content/EditorResources/EmptyActor.uasset" 127
"../../../Engine/Content/EditorResources/MatInstActSprite.uasset" 128
"../../../Engine/Content/EditorResources/SceneManager.uasset" 129
"../../../Engine/Content/EditorResources/SmallFont.uasset" 130
"../../../Engine/Content/EditorResources/S_Actor.uasset" 131
"../../../Engine/Content/EditorResources/S_DecalActorIcon.uasset" 132
"../../../Engine/Content/EditorResources/S_Emitter.uasset" 133
"../../../Engine/Content/EditorResources/S_ExpoHeightFog.uasset" 134
"../../../Engine/Content/EditorResources/S_FTest.uasset" 135
"../../../Engine/Content/EditorResources/S_KBSJoint.uasset" 136
"../../../Engine/Content/EditorResources/S_KHinge.uasset" 137
"../../../Engine/Content/EditorResources/S_KPrismatic.uasset" 138
"../../../Engine/Content/EditorResources/S_LevelSequence.uasset" 139
"../../../Engine/Content/EditorResources/S_NavP.uasset" 140
"../../../Engine/Content/EditorResources/S_Note.uasset" 141
"../../../Engine/Content/EditorResources/S_Player.uasset" 142
"../../../Engine/Content/EditorResources/S_PortalActorIcon2.uasset" 143
"../../../Engine/Content/EditorResources/S_RadForce.uasset" 144
"../../../Engine/Content/EditorResources/S_ReflActorIcon.uasset" 145
"../../../Engine/Content/EditorResources/S_Terrain.uasset" 146
"../../../Engine/Content/EditorResources/S_TextRenderActorIcon.uasset" 147
"../../../Engine/Content/EditorResources/S_Thruster.uasset" 148
"../../../Engine/Content/EditorResources/S_Trigger.uasset" 149
"../../../Engine/Content/EditorResources/S_VectorFieldVol.uasset" 150
"../../../Engine/Content/EditorResources/S_WindDirectional.uasset" 151
"../../../Engine/Content/EditorResources/AI/S_NavLink.uasset" 152
"../../../Engine/Content/EditorResources/AudioIcons/S_AudioComponent_AutoActivate.uasset" 153
"../../../Engine/Content/EditorResources/LightIcons/SkyLight.uasset" 154
"../../../Engine/Content/EditorResources/LightIcons/S_LightDirectional.uasset" 155
"../../../Engine/Content/EditorResources/LightIcons/S_LightDirectionalMove.uasset" 156
"../../../Engine/Content/EditorResources/LightIcons/S_LightError.uasset" 157
"../../../Engine/Content/EditorResources/LightIcons/S_LightPoint.uasset" 158
"../../../Engine/Content/EditorResources/LightIcons/S_LightPointMove.uasset" 159
"../../../Engine/Content/EditorResources/LightIcons/S_LightSpot.uasset" 160
"../../../Engine/Content/EditorResources/LightIcons/S_LightSpotMove.uasset" 161
"../../../Engine/Content/EditorResources/SequenceRecorder/Countdown.uasset" 162
"../../../Engine/Content/EditorResources/SequenceRecorder/RecordingIndicator.uasset" 163
"../../../Engine/Content/EditorResources/Spline/T_Loft_Spline.uasset" 164
"../../../Engine/Content/EditorSounds/Notifications/CompileFailed.uasset" 165
"../../../Engine/Content/EditorSounds/Notifications/CompileFailed_Cue.uasset" 166
"../../../Engine/Content/EditorSounds/Notifications/CompileSuccess.uasset" 167
"../../../Engine/Content/EditorSounds/Notifications/CompileStart_Cue.uasset" 168
"../../../Engine/Content/EditorSounds/Notifications/CompileSuccess_Cue.uasset" 169
"../../../Engine/Content/EngineDamageTypes/DmgTypeBP_Environmental.uasset" 170
"../../../Engine/Content/EngineDebugMaterials/HeatmapGradient.uasset" 171
"../../../Engine/Content/EngineDebugMaterials/BoneWeightMaterial.uasset" 172
"../../../Engine/Content/EngineDebugMaterials/ClothMaterial.uasset" 173
"../../../Engine/Content/EngineDebugMaterials/ClothMaterial_WF.uasset" 174
"../../../Engine/Content/EngineDebugMaterials/DebugEditorMaterial.uasset" 175
"../../../Engine/Content/EngineDebugMaterials/DebugMeshMaterial.uasset" 176
"../../../Engine/Content/EngineDebugMaterials/GeomMaterial.uasset" 177
"../../../Engine/Content/Functions/Engine_MaterialFunctions01/Shading/ConvertFromDiffSpec.uasset" 178
"../../../Engine/Content/EngineDebugMaterials/LevelColorationLitMaterial.uasset" 179
"../../../Engine/Content/EngineDebugMaterials/LevelColorationUnlitMaterial.uasset" 180
"../../../Engine/Content/EngineMaterials/DefaultWhiteGrid.uasset" 181
"../../../Engine/Content/EngineDebugMaterials/MAT_LevelColorationLitLightmapUV.uasset" 182
"../../../Engine/Content/EngineDebugMaterials/M_SimpleTranslucent.uasset" 183
"../../../Engine/Content/EngineDebugMaterials/ShadedLevelColorationLitMaterial.uasset" 184
"../../../Engine/Content/EngineDebugMaterials/ShadedLevelColorationUnlitMateri.uasset" 185
"../../../Engine/Content/EngineDebugMaterials/VertexColorMaterial.uasset" 186
"../../../Engine/Content/EngineDebugMaterials/VertexColorViewMode_AlphaAsColor.uasset" 187
"../../../Engine/Content/EngineDebugMaterials/VertexColorViewMode_BlueOnly.uasset" 188
"../../../Engine/Content/EngineDebugMaterials/VertexColorViewMode_ColorOnly.uasset" 189
"../../../Engine/Content/EngineDebugMaterials/VertexColorViewMode_GreenOnly.uasset" 190
"../../../Engine/Content/EngineDebugMaterials/VertexColorViewMode_RedOnly.uasset" 191
"../../../Engine/Content/EngineDebugMaterials/WireframeMaterial.uasset" 192
"../../../Engine/Content/EngineFonts/Faces/RobotoBold.uasset" 193
"../../../Engine/Content/EngineFonts/Faces/RobotoBoldItalic.uasset" 194
"../../../Engine/Content/EngineFonts/Faces/RobotoItalic.uasset" 195
"../../../Engine/Content/EngineFonts/Faces/RobotoLight.uasset" 196
"../../../Engine/Content/EngineFonts/Faces/RobotoRegular.uasset" 197
"../../../Engine/Content/EngineFonts/Roboto.uasset" 198
"../../../Engine/Content/EngineFonts/Faces/RobotoTiny.uasset" 199
"../../../Engine/Content/EngineFonts/RobotoTiny.uasset" 200
"../../../Engine/Content/EngineFonts/SmallFont.uasset" 201
"../../../Engine/Content/EngineFonts/TinyFont.uasset" 202
"../../../Engine/Content/EngineMaterials/BaseFlattenDiffuseMap.uasset" 203
"../../../Engine/Content/EngineMaterials/BaseFlattenEmissiveMap.uasset" 204
"../../../Engine/Content/EngineMaterials/BaseFlattenGrayscaleMap.uasset" 205
"../../../Engine/Content/EngineMaterials/BaseFlattenNormalMap.uasset" 206
"../../../Engine/Content/EngineMaterials/BaseFlattenMaterial.uasset" 207
"../../../Engine/Content/EngineResources/WhiteSquareTexture.uasset" 208
"../../../Engine/Content/EngineMaterials/BlinkingCaret.uasset" 209
"../../../Engine/Content/EngineMaterials/DefaultBloomKernel.uasset" 210
"../../../Engine/Content/EngineMaterials/DefaultBokeh.uasset" 211
"../../../Engine/Content/EngineMaterials/DefaultDiffuse.uasset" 212
"../../../Engine/Content/EngineMaterials/DefaultDeferredDecalMaterial.uasset" 213
"../../../Engine/Content/EngineMaterials/DefaultLightFunctionMaterial.uasset" 214
"../../../Engine/Content/EngineMaterials/DefaultNormal.uasset" 215
"../../../Engine/Content/EngineMaterials/DefaultPostProcessMaterial.uasset" 216
"../../../Engine/Content/EngineFonts/RobotoDistanceField.uasset" 217
"../../../Engine/Content/EngineMaterials/DefaultTextMaterialOpaque.uasset" 218
"../../../Engine/Content/EngineMaterials/EditorBrushMaterial.uasset" 219
"../../../Engine/Content/EngineMaterials/Good64x64TilingNoiseHighFreq.uasset" 220
"../../../Engine/Content/EngineMaterials/Grid_N.uasset" 221
"../../../Engine/Content/EngineMaterials/HighResolutionScreenshotMaskFunction.uasset" 222
"../../../Engine/Content/EngineMaterials/HighResScreenshot.uasset" 223
"../../../Engine/Content/EngineMaterials/HighResScreenshotCaptureRegion.uasset" 224
"../../../Engine/Content/EngineMaterials/HighResScreenshotMask.uasset" 225
"../../../Engine/Content/EngineMaterials/LandscapeHolePhysicalMaterial.uasset" 226
"../../../Engine/Content/EngineMaterials/InvalidLightmapSettings.uasset" 227
"../../../Engine/Content/EngineMaterials/M_InvalidLightmapSettings.uasset" 228
"../../../Engine/Content/EngineMaterials/PaperDiffuse.uasset" 229
"../../../Engine/Content/EngineMaterials/PaperNormal.uasset" 230
"../../../Engine/Content/Functions/Engine_MaterialFunctions02/WorldPositionOffset/CameraOffset.uasset" 231
"../../../Engine/Content/EngineMaterials/PhAT_JointLimitMaterial.uasset" 232
"../../../Engine/Content/EngineMaterials/PhysMat_Rubber.uasset" 233
"../../../Engine/Content/EngineMaterials/PreintegratedSkinBRDF.uasset" 234
"../../../Engine/Content/EngineMaterials/RemoveSurfaceMaterial.uasset" 235
"../../../Engine/Content/EngineMaterials/WeightMapPlaceholderTexture.uasset" 236
"../../../Engine/Content/EngineMaterials/Widget3DPassThrough.uasset" 237
"../../../Engine/Content/EngineMaterials/Widget3DPassThrough_Masked.uasset" 238
"../../../Engine/Content/EngineMaterials/Widget3DPassThrough_Opaque.uasset" 239
"../../../Engine/Content/EngineMaterials/Widget3DPassThrough_Masked_OneSided.uasset" 240
"../../../Engine/Content/EngineMaterials/Widget3DPassThrough_Opaque_OneSided.uasset" 241
"../../../Engine/Content/EngineMaterials/Widget3DPassThrough_Translucent.uasset" 242
"../../../Engine/Content/EngineMaterials/Widget3DPassThrough_Translucent_OneSided.uasset" 243
"../../../Engine/Content/EngineMeshes/Cylinder.uasset" 244
"../../../Engine/Content/EngineMeshes/Sphere.uasset" 245
"../../../Engine/Content/EngineResources/Black.uasset" 246
"../../../Engine/Content/EngineResources/DefaultTexture.uasset" 247
"../../../Engine/Content/EngineResources/DefaultTextureCube.uasset" 248
"../../../Engine/Content/EngineResources/DefaultVolumeTexture2D.uasset" 249
"../../../Engine/Content/EngineResources/DefaultVolumeTexture.uasset" 250
"../../../Engine/Content/EngineResources/GradientTexture0.uasset" 251
"../../../Engine/Content/EngineResources/StreamingPauseIcon.uasset" 252
"../../../Engine/Content/EngineResources/M_StreamingPause.uasset" 253
"../../../Engine/Content/EngineSounds/Master.uasset" 254
"../../../Engine/Content/Functions/Engine_MaterialFunctions01/Shading/PowerToRoughness.uasset" 255
"../../../Engine/Content/Maps/Templates/Thumbnails/Default.uasset" 256
"../../../Engine/Content/Maps/Templates/Thumbnails/VR-Basic.uasset" 257
"../../../Engine/Content/MapTemplates/Sky/DaylightAmbientCubemap.uasset" 258
"../../../Engine/Content/MobileResources/T_MobileControls_texture.uasset" 259
"../../../Engine/Content/MobileResources/T_MobileMenu2.uasset" 260
"../../../Engine/Content/MobileResources/HUD/AnalogHat.uasset" 261
"../../../Engine/Content/MobileResources/HUD/VirtualJoystick_Background.uasset" 262
"../../../Engine/Content/MobileResources/HUD/VirtualJoystick_Thumb.uasset" 263
"../../../Engine/Content/MobileResources/HUD/DefaultVirtualJoysticks.uasset" 264
"../../../Engine/Content/MobileResources/HUD/LeftVirtualJoystickOnly.uasset" 265
"../../../Engine/Content/MobileResources/HUD/MobileHUDButton1_off.uasset" 266
"../../../Engine/Content/MobileResources/HUD/MobileHUDButton1_on.uasset" 267
"../../../Engine/Content/MobileResources/HUD/MobileHUDButton2_off.uasset" 268
"../../../Engine/Content/MobileResources/HUD/MobileHUDButton2_on.uasset" 269
"../../../Engine/Content/MobileResources/HUD/MobileHUDButton3.uasset" 270
"../../../Engine/Content/MobileResources/HUD/MobileHUDButtonFire.uasset" 271
"../../../Engine/Content/MobileResources/HUD/MobileHUDDirectionPad.uasset" 272
"../../../Engine/Content/MobileResources/HUD/MobileHUDDirectionPad2.uasset" 273
"../../../Engine/Content/MobileResources/HUD/MobileHUDDirectionPad3.uasset" 274
"../../../Engine/Content/MobileResources/HUD/MobileHUDDirectionStick.uasset" 275
"../../../Engine/Content/MobileResources/HUD/T_Castle_ThumbstickInner.uasset" 276
"../../../Engine/Content/MobileResources/HUD/T_Castle_ThumbstickOutter.uasset" 277
"../../../Engine/Content/Tutorial/ContentIntroCurve.uasset" 278
"../../../Engine/Content/Tutorial/Basics/TutorialAssets/icon_tab_Levels_40x.uasset" 279
"../../../Engine/Content/VREditor/LaserPointer/VR_LaserPower_01.uasset" 280
"../../../Engine/Content/VREditor/TransformGizmo/TransformGizmoMaterial.uasset" 281
"../../../Engine/Content/VREditor/TransformGizmo/TranslucentTransformGizmoMaterial.uasset" 282
"../../../Engine/Content/VREditor/TransformGizmo/BoundingBoxCorner.uasset" 283
"../../../Engine/Content/VREditor/TransformGizmo/BoundingBoxEdge.uasset" 284
"../../../Engine/Content/VREditor/TransformGizmo/PlaneTranslationHandle.uasset" 285
"../../../Engine/Content/VREditor/TransformGizmo/Main.uasset" 286
"../../../Engine/Content/VREditor/TransformGizmo/Xray.uasset" 287
"../../../Engine/Content/VREditor/TransformGizmo/SM_Sequencer_Key.uasset" 288
"../../../Engine/Content/VREditor/TransformGizmo/SM_Sequencer_Node.uasset" 289
"C:/Users/alexa/QuincyTheQuadrapus/QuincyTheQuadrapus/Content/Models/Quincy/Quincy_Skeleton.uasset" 290
"C:/Users/alexa/QuincyTheQuadrapus/QuincyTheQuadrapus/Content/Models/Quincy/Animations/Quincy_Idle.uasset" 291
"C:/Users/alexa/QuincyTheQuadrapus/QuincyTheQuadrapus/Content/Models/Quincy/Animations/Quincy_Run.uasset" 292
"C:/Users/alexa/QuincyTheQuadrapus/QuincyTheQuadrapus/Content/Models/Quincy/Animations/Quincy_Fall.uasset" 293
"C:/Users/alexa/QuincyTheQuadrapus/QuincyTheQuadrapus/Content/Models/Quincy/Animations/Quincy_Jump.uasset" 294
"C:/Users/alexa/QuincyTheQuadrapus/QuincyTheQuadrapus/Content/Models/Quincy/Animations/Quincy_Jump-Fall.uasset" 295
"../../../Engine/Content/EditorBlueprintResources/StandardMacros.uasset" 296
"C:/Users/alexa/QuincyTheQuadrapus/QuincyTheQuadrapus/Content/Models/Quincy/Quincy_AnimBP.uasset" 297
"C:/Users/alexa/QuincyTheQuadrapus/QuincyTheQuadrapus/Content/Blueprints/LevelScoreSG.uasset" 298
"C:/Users/alexa/QuincyTheQuadrapus/QuincyTheQuadrapus/Content/Models/Quincy/Textures-Materials/Beige.uasset" 299
"C:/Users/alexa/QuincyTheQuadrapus/QuincyTheQuadrapus/Content/Models/Quincy/Textures-Materials/Beige_Mat.uasset" 300
"C:/Users/alexa/QuincyTheQuadrapus/QuincyTheQuadrapus/Content/Models/Quincy/Textures-Materials/Eye.uasset" 301
"C:/Users/alexa/QuincyTheQuadrapus/QuincyTheQuadrapus/Content/Models/Quincy/Textures-Materials/Eye_Mat.uasset" 302
"C:/Users/alexa/QuincyTheQuadrapus/QuincyTheQuadrapus/Content/Models/Quincy/Textures-Materials/QuadrapusPurple.uasset" 303
"C:/Users/alexa/QuincyTheQuadrapus/QuincyTheQuadrapus/Content/Models/Quincy/Textures-Materials/QuadrapusPurple_Mat.uasset" 304
"C:/Users/alexa/QuincyTheQuadrapus/QuincyTheQuadrapus/Content/Audio/coin7.uasset" 305
"C:/Users/alexa/QuincyTheQuadrapus/QuincyTheQuadrapus/Content/Audio/Jump.uasset" 306
"C:/Users/alexa/QuincyTheQuadrapus/QuincyTheQuadrapus/Content/Audio/Lose.uasset" 307
"C:/Users/alexa/QuincyTheQuadrapus/QuincyTheQuadrapus/Content/Audio/Win.uasset" 308
"C:/Users/alexa/QuincyTheQuadrapus/QuincyTheQuadrapus/Content/Models/Quincy/Textures-Materials/Ink_Mat.uasset" 309
"C:/Users/alexa/QuincyTheQuadrapus/QuincyTheQuadrapus/Content/StarterContent/Materials/M_Basic_Wall.uasset" 310
"C:/Users/alexa/QuincyTheQuadrapus/QuincyTheQuadrapus/Content/Models/Quincy/Ink.uasset" 311
"C:/Users/alexa/QuincyTheQuadrapus/QuincyTheQuadrapus/Content/Models/Quincy/Quincy_PhysicsAsset.uasset" 312
"C:/Users/alexa/QuincyTheQuadrapus/QuincyTheQuadrapus/Content/Models/Quincy/Quincy.uasset" 313
"C:/Users/alexa/QuincyTheQuadrapus/QuincyTheQuadrapus/Content/Blueprints/Time.uasset" 314
"C:/Users/alexa/QuincyTheQuadrapus/QuincyTheQuadrapus/Content/Font/comics.uasset" 315
"C:/Users/alexa/QuincyTheQuadrapus/QuincyTheQuadrapus/Content/Font/comics_Font.uasset" 316
"C:/Users/alexa/QuincyTheQuadrapus/QuincyTheQuadrapus/Content/Textures/PanelBackground.uasset" 317
"C:/Users/alexa/QuincyTheQuadrapus/QuincyTheQuadrapus/Content/Textures/ListBackground.uasset" 318
"C:/Users/alexa/QuincyTheQuadrapus/QuincyTheQuadrapus/Content/UI/Components/Button.uasset" 319
"C:/Users/alexa/QuincyTheQuadrapus/QuincyTheQuadrapus/Content/UI/WinScreen.uasset" 320
"C:/Users/alexa/QuincyTheQuadrapus/QuincyTheQuadrapus/Content/UI/LoseScreen.uasset" 321
"C:/Users/alexa/QuincyTheQuadrapus/QuincyTheQuadrapus/Content/UI/PauseMenu.uasset" 322
"C:/Users/alexa/QuincyTheQuadrapus/QuincyTheQuadrapus/Content/Textures/ShellIcon.uasset" 323
"C:/Users/alexa/QuincyTheQuadrapus/QuincyTheQuadrapus/Content/Textures/ShellOutline.uasset" 324
"C:/Users/alexa/QuincyTheQuadrapus/QuincyTheQuadrapus/Content/UI/ShellTracker.uasset" 325
"C:/Users/alexa/QuincyTheQuadrapus/QuincyTheQuadrapus/Content/UI/LevelUI.uasset" 326
"C:/Users/alexa/QuincyTheQuadrapus/QuincyTheQuadrapus/Content/Blueprints/Quincy.uasset" 327
"C:/Users/alexa/QuincyTheQuadrapus/QuincyTheQuadrapus/Content/Blueprints/GameModes/LevelGM.uasset" 328
"../../Plugins/2D/Paper2D/Content/PlaceholderTextures/DummySpriteTexture.uasset" 329
"../../Plugins/2D/Paper2D/Content/DummySprite.uasset" 330
"../../Plugins/2D/Paper2D/Content/DefaultPaperTerrainMaterial.uasset" 331
"../../Plugins/2D/Paper2D/Content/DefaultSpriteMaterial.uasset" 332
"../../Plugins/2D/Paper2D/Content/MaskedUnlitSpriteMaterial.uasset" 333
"../../Plugins/2D/Paper2D/Content/OpaqueUnlitSpriteMaterial.uasset" 334
"../../Plugins/Runtime/Oculus/OculusVR/Content/Materials/PokeAHoleMaterial.uasset" 335
"../../Plugins/Runtime/Oculus/OculusVR/Content/Textures/GearVRController_AO.uasset" 336
"../../Plugins/Runtime/Oculus/OculusVR/Content/Textures/GearVRController_Color.uasset" 337
"../../Plugins/Runtime/Oculus/OculusVR/Content/Textures/GearVRController_Normal.uasset" 338
"../../Plugins/Runtime/Oculus/OculusVR/Content/Materials/GearVRControllerMaterial.uasset" 339
"../../Plugins/Runtime/Oculus/OculusVR/Content/Meshes/GearVrController.uasset" 340
"../../Plugins/Runtime/Oculus/OculusVR/Content/Textures/touchController_albedo.uasset" 341
"../../Plugins/Runtime/Oculus/OculusVR/Content/Textures/touchController_controlmap.uasset" 342
"../../Plugins/Runtime/Oculus/OculusVR/Content/Materials/touchController_mat.uasset" 343
"../../Plugins/Runtime/Oculus/OculusVR/Content/Meshes/LeftTouchController.uasset" 344
"../../Plugins/Runtime/Oculus/OculusVR/Content/Meshes/RiftHMD.uasset" 345
"../../Plugins/Runtime/Oculus/OculusVR/Content/Meshes/RightTouchController.uasset" 346
"../../../Engine/Content/Maps/Entry_BuiltData.uasset" 347
"../../../Engine/Content/Maps/Entry.umap" 348
"C:/Users/alexa/QuincyTheQuadrapus/QuincyTheQuadrapus/Content/Textures/Title.uasset" 349
"C:/Users/alexa/QuincyTheQuadrapus/QuincyTheQuadrapus/Content/UI/ShellTrackerMenu.uasset" 350
"C:/Users/alexa/QuincyTheQuadrapus/QuincyTheQuadrapus/Content/UI/LevelSelectElement.uasset" 351
"C:/Users/alexa/QuincyTheQuadrapus/QuincyTheQuadrapus/Content/UI/LevelSelectPane.uasset" 352
"C:/Users/alexa/QuincyTheQuadrapus/QuincyTheQuadrapus/Content/UI/TitleScreenUI.uasset" 353
"C:/Users/alexa/QuincyTheQuadrapus/QuincyTheQuadrapus/Content/Blueprints/PlayerBPs/TitleController.uasset" 354
"C:/Users/alexa/QuincyTheQuadrapus/QuincyTheQuadrapus/Content/Blueprints/PlayerBPs/TitlePC.uasset" 355
"C:/Users/alexa/QuincyTheQuadrapus/QuincyTheQuadrapus/Content/Blueprints/GameModes/TitleGM.uasset" 356
"C:/Users/alexa/QuincyTheQuadrapus/QuincyTheQuadrapus/Content/Audio/TitleMusic.uasset" 357
"C:/Users/alexa/QuincyTheQuadrapus/QuincyTheQuadrapus/Content/Audio/TitleMusic_Cue.uasset" 358
"C:/Users/alexa/QuincyTheQuadrapus/QuincyTheQuadrapus/Content/Levels/Title.umap" 359
"../../../Engine/Content/EngineSky/C_Sky_Cloud_Color.uasset" 360
"../../../Engine/Content/EngineSky/C_Sky_Horizon_Color.uasset" 361
"../../../Engine/Content/EngineSky/C_Sky_Zenith_Color.uasset" 362
"../../../Engine/Content/EngineSky/T_Sky_Blue.uasset" 363
"../../../Engine/Content/EngineSky/T_Sky_Clouds_M.uasset" 364
"../../../Engine/Content/EngineSky/T_Sky_Stars.uasset" 365
"../../../Engine/Content/EngineSky/M_Sky_Panning_Clouds2.uasset" 366
"../../../Engine/Content/EngineSky/SM_SkySphere.uasset" 367
"../../../Engine/Content/EngineSky/BP_Sky_Sphere.uasset" 368
"C:/Users/alexa/QuincyTheQuadrapus/QuincyTheQuadrapus/Content/Models/ShellCoin/ShellCoinGradient.uasset" 369
"C:/Users/alexa/QuincyTheQuadrapus/QuincyTheQuadrapus/Content/Models/ShellCoin/ShellCoinGradient_Mat.uasset" 370
"C:/Users/alexa/QuincyTheQuadrapus/QuincyTheQuadrapus/Content/Models/ShellCoin/ShellCoin.uasset" 371
"C:/Users/alexa/QuincyTheQuadrapus/QuincyTheQuadrapus/Content/Blueprints/ShellCoin.uasset" 372
"C:/Users/alexa/QuincyTheQuadrapus/QuincyTheQuadrapus/Content/Models/Turtle/Turtle_Skeleton.uasset" 373
"C:/Users/alexa/QuincyTheQuadrapus/QuincyTheQuadrapus/Content/Models/Turtle/Turtle_Anim_Armature_Swim.uasset" 374
"C:/Users/alexa/QuincyTheQuadrapus/QuincyTheQuadrapus/Content/Blueprints/TurtleWaypoint.uasset" 375
"C:/Users/alexa/QuincyTheQuadrapus/QuincyTheQuadrapus/Content/Models/Turtle/Flesh.uasset" 376
"C:/Users/alexa/QuincyTheQuadrapus/QuincyTheQuadrapus/Content/Models/Turtle/Flesh_Mat.uasset" 377
"C:/Users/alexa/QuincyTheQuadrapus/QuincyTheQuadrapus/Content/Models/Turtle/LowerShell.uasset" 378
"C:/Users/alexa/QuincyTheQuadrapus/QuincyTheQuadrapus/Content/Models/Turtle/LowerShell_Mat.uasset" 379
"C:/Users/alexa/QuincyTheQuadrapus/QuincyTheQuadrapus/Content/Models/Turtle/ShellTexture.uasset" 380
"C:/Users/alexa/QuincyTheQuadrapus/QuincyTheQuadrapus/Content/Models/Turtle/ShellTexture_Mat.uasset" 381
"C:/Users/alexa/QuincyTheQuadrapus/QuincyTheQuadrapus/Content/Models/Turtle/TurtleEye.uasset" 382
"C:/Users/alexa/QuincyTheQuadrapus/QuincyTheQuadrapus/Content/Models/Turtle/TurtleEye_Mat.uasset" 383
"C:/Users/alexa/QuincyTheQuadrapus/QuincyTheQuadrapus/Content/Models/Turtle/Turtle_PhysicsAsset.uasset" 384
"C:/Users/alexa/QuincyTheQuadrapus/QuincyTheQuadrapus/Content/Models/Turtle/Turtle.uasset" 385
"C:/Users/alexa/QuincyTheQuadrapus/QuincyTheQuadrapus/Content/Blueprints/Turtle.uasset" 386
"C:/Users/alexa/QuincyTheQuadrapus/QuincyTheQuadrapus/Content/Models/Oyster/Pearl.uasset" 387
"../../../Engine/Content/BasicShapes/Sphere.uasset" 388
"C:/Users/alexa/QuincyTheQuadrapus/QuincyTheQuadrapus/Content/Models/Oyster/Inside.uasset" 389
"C:/Users/alexa/QuincyTheQuadrapus/QuincyTheQuadrapus/Content/Models/Oyster/Outside.uasset" 390
"C:/Users/alexa/QuincyTheQuadrapus/QuincyTheQuadrapus/Content/Models/Oyster/Oyster.uasset" 391
"C:/Users/alexa/QuincyTheQuadrapus/QuincyTheQuadrapus/Content/Blueprints/WinOyster.uasset" 392
"C:/Users/alexa/QuincyTheQuadrapus/QuincyTheQuadrapus/Content/ThirdPersonBP/Maps/ThirdPersonExampleMap_BuiltData.uasset" 393
"C:/Users/alexa/QuincyTheQuadrapus/QuincyTheQuadrapus/Content/Textures/BlueRock.uasset" 394
"C:/Users/alexa/QuincyTheQuadrapus/QuincyTheQuadrapus/Content/Textures/BlueRockMaterial.uasset" 395
"C:/Users/alexa/QuincyTheQuadrapus/QuincyTheQuadrapus/Content/Textures/GreenRock.uasset" 396
"C:/Users/alexa/QuincyTheQuadrapus/QuincyTheQuadrapus/Content/Textures/GreenRockMaterial.uasset" 397
"C:/Users/alexa/QuincyTheQuadrapus/QuincyTheQuadrapus/Content/Textures/LightBlueRock.uasset" 398
"C:/Users/alexa/QuincyTheQuadrapus/QuincyTheQuadrapus/Content/Textures/LightBlueRockMaterial.uasset" 399
"C:/Users/alexa/QuincyTheQuadrapus/QuincyTheQuadrapus/Content/Textures/OrangeRock.uasset" 400
"C:/Users/alexa/QuincyTheQuadrapus/QuincyTheQuadrapus/Content/Textures/OrangeRockMaterial.uasset" 401
"C:/Users/alexa/QuincyTheQuadrapus/QuincyTheQuadrapus/Content/Textures/PinkRock.uasset" 402
"C:/Users/alexa/QuincyTheQuadrapus/QuincyTheQuadrapus/Content/Textures/PinkRockMaterial.uasset" 403
"C:/Users/alexa/QuincyTheQuadrapus/QuincyTheQuadrapus/Content/Textures/PurpleRock.uasset" 404
"C:/Users/alexa/QuincyTheQuadrapus/QuincyTheQuadrapus/Content/Textures/PurpleRockMaterial.uasset" 405
"C:/Users/alexa/QuincyTheQuadrapus/QuincyTheQuadrapus/Content/Textures/RedRock.uasset" 406
"C:/Users/alexa/QuincyTheQuadrapus/QuincyTheQuadrapus/Content/Textures/RedRockMaterial.uasset" 407
"C:/Users/alexa/QuincyTheQuadrapus/QuincyTheQuadrapus/Content/Textures/sand.uasset" 408
"C:/Users/alexa/QuincyTheQuadrapus/QuincyTheQuadrapus/Content/Textures/SandMaterial.uasset" 409
"C:/Users/alexa/QuincyTheQuadrapus/QuincyTheQuadrapus/Content/Textures/YellowRock.uasset" 410
"C:/Users/alexa/QuincyTheQuadrapus/QuincyTheQuadrapus/Content/Textures/YellowRockMaterial.uasset" 411
"../../../Engine/Content/BasicShapes/Cube.uasset" 412
"C:/Users/alexa/QuincyTheQuadrapus/QuincyTheQuadrapus/Content/ThirdPersonBP/Maps/ThirdPersonExampleMap.umap" 413
